2017-01-06 03:45:51 Error: [PDOException] SQLSTATE[HY000] [2002] No se puede establecer una conexión ya que el equipo de destino denegó expresamente dicha conexión.

Stack Trace:
#0 C:\xampp\htdocs\SarGlass\vendor\cakephp\cakephp\src\Database\Driver\PDODriverTrait.php(47): PDO->__construct('mysql:host=loca...', 'my_app', 'secret', Array)
#1 C:\xampp\htdocs\SarGlass\vendor\cakephp\cakephp\src\Database\Driver\Mysql.php(104): Cake\Database\Driver\Mysql->_connect('mysql:host=loca...', Array)
#2 C:\xampp\htdocs\SarGlass\vendor\cakephp\cakephp\src\Database\Schema\BaseSchema.php(45): Cake\Database\Driver\Mysql->connect()
#3 C:\xampp\htdocs\SarGlass\vendor\cakephp\cakephp\src\Database\Dialect\MysqlDialectTrait.php(63): Cake\Database\Schema\BaseSchema->__construct(Object(Cake\Database\Driver\Mysql))
#4 C:\xampp\htdocs\SarGlass\vendor\cakephp\cakephp\src\Database\Schema\Collection.php(52): Cake\Database\Driver\Mysql->schemaDialect()
#5 C:\xampp\htdocs\SarGlass\vendor\cakephp\cakephp\src\Database\Schema\CachedCollection.php(42): Cake\Database\Schema\Collection->__construct(Object(Cake\Database\Connection))
#6 C:\xampp\htdocs\SarGlass\vendor\cakephp\cakephp\src\Database\Connection.php(322): Cake\Database\Schema\CachedCollection->__construct(Object(Cake\Database\Connection), true)
#7 C:\xampp\htdocs\SarGlass\vendor\cakephp\bake\src\Shell\Task\ModelTask.php(946): Cake\Database\Connection->schemaCollection()
#8 C:\xampp\htdocs\SarGlass\vendor\cakephp\bake\src\Shell\Task\ModelTask.php(898): Bake\Shell\Task\ModelTask->_getAllTables()
#9 C:\xampp\htdocs\SarGlass\vendor\cakephp\bake\src\Shell\Task\ModelTask.php(913): Bake\Shell\Task\ModelTask->listAll()
#10 C:\xampp\htdocs\SarGlass\vendor\cakephp\bake\src\Shell\BakeShell.php(234): Bake\Shell\Task\ModelTask->listUnskipped()
#11 [internal function]: Bake\Shell\BakeShell->all()
#12 C:\xampp\htdocs\SarGlass\vendor\cakephp\cakephp\src\Console\Shell.php(459): call_user_func_array(Array, Array)
#13 C:\xampp\htdocs\SarGlass\vendor\cakephp\cakephp\src\Console\ShellDispatcher.php(227): Cake\Console\Shell->runCommand(Array, true, Array)
#14 C:\xampp\htdocs\SarGlass\vendor\cakephp\cakephp\src\Console\ShellDispatcher.php(182): Cake\Console\ShellDispatcher->_dispatch(Array)
#15 C:\xampp\htdocs\SarGlass\vendor\cakephp\cakephp\src\Console\ShellDispatcher.php(128): Cake\Console\ShellDispatcher->dispatch(Array)
#16 C:\xampp\htdocs\SarGlass\bin\cake.php(34): Cake\Console\ShellDispatcher::run(Array)
#17 {main}


2017-01-06 03:46:13 Error: [PDOException] SQLSTATE[HY000] [2002] No se puede establecer una conexión ya que el equipo de destino denegó expresamente dicha conexión.

Stack Trace:
#0 C:\xampp\htdocs\SarGlass\vendor\cakephp\cakephp\src\Database\Driver\PDODriverTrait.php(47): PDO->__construct('mysql:host=loca...', 'my_app', 'secret', Array)
#1 C:\xampp\htdocs\SarGlass\vendor\cakephp\cakephp\src\Database\Driver\Mysql.php(104): Cake\Database\Driver\Mysql->_connect('mysql:host=loca...', Array)
#2 C:\xampp\htdocs\SarGlass\vendor\cakephp\cakephp\src\Database\Schema\BaseSchema.php(45): Cake\Database\Driver\Mysql->connect()
#3 C:\xampp\htdocs\SarGlass\vendor\cakephp\cakephp\src\Database\Dialect\MysqlDialectTrait.php(63): Cake\Database\Schema\BaseSchema->__construct(Object(Cake\Database\Driver\Mysql))
#4 C:\xampp\htdocs\SarGlass\vendor\cakephp\cakephp\src\Database\Schema\Collection.php(52): Cake\Database\Driver\Mysql->schemaDialect()
#5 C:\xampp\htdocs\SarGlass\vendor\cakephp\cakephp\src\Database\Schema\CachedCollection.php(42): Cake\Database\Schema\Collection->__construct(Object(Cake\Database\Connection))
#6 C:\xampp\htdocs\SarGlass\vendor\cakephp\cakephp\src\Database\Connection.php(322): Cake\Database\Schema\CachedCollection->__construct(Object(Cake\Database\Connection), true)
#7 C:\xampp\htdocs\SarGlass\vendor\cakephp\bake\src\Shell\Task\ModelTask.php(946): Cake\Database\Connection->schemaCollection()
#8 C:\xampp\htdocs\SarGlass\vendor\cakephp\bake\src\Shell\Task\ModelTask.php(898): Bake\Shell\Task\ModelTask->_getAllTables()
#9 C:\xampp\htdocs\SarGlass\vendor\cakephp\bake\src\Shell\Task\ModelTask.php(202): Bake\Shell\Task\ModelTask->listAll()
#10 C:\xampp\htdocs\SarGlass\vendor\cakephp\bake\src\Shell\Task\ModelTask.php(127): Bake\Shell\Task\ModelTask->getAssociations(Object(Cake\ORM\Table))
#11 C:\xampp\htdocs\SarGlass\vendor\cakephp\bake\src\Shell\Task\ModelTask.php(110): Bake\Shell\Task\ModelTask->getTableContext(Object(Cake\ORM\Table), 'asistencia', 'Asistencia')
#12 C:\xampp\htdocs\SarGlass\vendor\cakephp\bake\src\Shell\Task\ModelTask.php(97): Bake\Shell\Task\ModelTask->bake('Asistencia')
#13 C:\xampp\htdocs\SarGlass\vendor\cakephp\bake\src\Shell\BakeShell.php(257): Bake\Shell\Task\ModelTask->main('Asistencia')
#14 C:\xampp\htdocs\SarGlass\vendor\cakephp\cakephp\src\Collection\CollectionTrait.php(52): Bake\Shell\BakeShell->Bake\Shell\{closure}('Asistencia', 0)
#15 C:\xampp\htdocs\SarGlass\vendor\cakephp\bake\src\Shell\BakeShell.php(260): Cake\Collection\Collection->each(Object(Closure))
#16 [internal function]: Bake\Shell\BakeShell->all('asistencia')
#17 C:\xampp\htdocs\SarGlass\vendor\cakephp\cakephp\src\Console\Shell.php(459): call_user_func_array(Array, Array)
#18 C:\xampp\htdocs\SarGlass\vendor\cakephp\cakephp\src\Console\ShellDispatcher.php(227): Cake\Console\Shell->runCommand(Array, true, Array)
#19 C:\xampp\htdocs\SarGlass\vendor\cakephp\cakephp\src\Console\ShellDispatcher.php(182): Cake\Console\ShellDispatcher->_dispatch(Array)
#20 C:\xampp\htdocs\SarGlass\vendor\cakephp\cakephp\src\Console\ShellDispatcher.php(128): Cake\Console\ShellDispatcher->dispatch(Array)
#21 C:\xampp\htdocs\SarGlass\bin\cake.php(34): Cake\Console\ShellDispatcher::run(Array)
#22 {main}


2017-01-06 03:46:58 Error: [PDOException] SQLSTATE[HY000] [2002] No se puede establecer una conexión ya que el equipo de destino denegó expresamente dicha conexión.

Stack Trace:
#0 C:\xampp\htdocs\SarGlass\vendor\cakephp\cakephp\src\Database\Driver\PDODriverTrait.php(47): PDO->__construct('mysql:host=loca...', 'my_app', 'secret', Array)
#1 C:\xampp\htdocs\SarGlass\vendor\cakephp\cakephp\src\Database\Driver\Mysql.php(104): Cake\Database\Driver\Mysql->_connect('mysql:host=loca...', Array)
#2 C:\xampp\htdocs\SarGlass\vendor\cakephp\cakephp\src\Database\Schema\BaseSchema.php(45): Cake\Database\Driver\Mysql->connect()
#3 C:\xampp\htdocs\SarGlass\vendor\cakephp\cakephp\src\Database\Dialect\MysqlDialectTrait.php(63): Cake\Database\Schema\BaseSchema->__construct(Object(Cake\Database\Driver\Mysql))
#4 C:\xampp\htdocs\SarGlass\vendor\cakephp\cakephp\src\Database\Schema\Collection.php(52): Cake\Database\Driver\Mysql->schemaDialect()
#5 C:\xampp\htdocs\SarGlass\vendor\cakephp\cakephp\src\Database\Schema\CachedCollection.php(42): Cake\Database\Schema\Collection->__construct(Object(Cake\Database\Connection))
#6 C:\xampp\htdocs\SarGlass\vendor\cakephp\cakephp\src\Database\Connection.php(322): Cake\Database\Schema\CachedCollection->__construct(Object(Cake\Database\Connection), true)
#7 C:\xampp\htdocs\SarGlass\vendor\cakephp\bake\src\Shell\Task\ModelTask.php(946): Cake\Database\Connection->schemaCollection()
#8 C:\xampp\htdocs\SarGlass\vendor\cakephp\bake\src\Shell\Task\ModelTask.php(898): Bake\Shell\Task\ModelTask->_getAllTables()
#9 C:\xampp\htdocs\SarGlass\vendor\cakephp\bake\src\Shell\Task\ModelTask.php(202): Bake\Shell\Task\ModelTask->listAll()
#10 C:\xampp\htdocs\SarGlass\vendor\cakephp\bake\src\Shell\Task\ModelTask.php(127): Bake\Shell\Task\ModelTask->getAssociations(Object(Cake\ORM\Table))
#11 C:\xampp\htdocs\SarGlass\vendor\cakephp\bake\src\Shell\Task\ModelTask.php(110): Bake\Shell\Task\ModelTask->getTableContext(Object(Cake\ORM\Table), 'persona', 'Persona')
#12 C:\xampp\htdocs\SarGlass\vendor\cakephp\bake\src\Shell\Task\ModelTask.php(97): Bake\Shell\Task\ModelTask->bake('Persona')
#13 C:\xampp\htdocs\SarGlass\vendor\cakephp\bake\src\Shell\BakeShell.php(257): Bake\Shell\Task\ModelTask->main('Persona')
#14 C:\xampp\htdocs\SarGlass\vendor\cakephp\cakephp\src\Collection\CollectionTrait.php(52): Bake\Shell\BakeShell->Bake\Shell\{closure}('Persona', 0)
#15 C:\xampp\htdocs\SarGlass\vendor\cakephp\bake\src\Shell\BakeShell.php(260): Cake\Collection\Collection->each(Object(Closure))
#16 [internal function]: Bake\Shell\BakeShell->all('persona')
#17 C:\xampp\htdocs\SarGlass\vendor\cakephp\cakephp\src\Console\Shell.php(459): call_user_func_array(Array, Array)
#18 C:\xampp\htdocs\SarGlass\vendor\cakephp\cakephp\src\Console\ShellDispatcher.php(227): Cake\Console\Shell->runCommand(Array, true, Array)
#19 C:\xampp\htdocs\SarGlass\vendor\cakephp\cakephp\src\Console\ShellDispatcher.php(182): Cake\Console\ShellDispatcher->_dispatch(Array)
#20 C:\xampp\htdocs\SarGlass\vendor\cakephp\cakephp\src\Console\ShellDispatcher.php(128): Cake\Console\ShellDispatcher->dispatch(Array)
#21 C:\xampp\htdocs\SarGlass\bin\cake.php(34): Cake\Console\ShellDispatcher::run(Array)
#22 {main}


2017-01-06 03:47:08 Error: [PDOException] SQLSTATE[HY000] [2002] No se puede establecer una conexión ya que el equipo de destino denegó expresamente dicha conexión.

Stack Trace:
#0 C:\xampp\htdocs\SarGlass\vendor\cakephp\cakephp\src\Database\Driver\PDODriverTrait.php(47): PDO->__construct('mysql:host=loca...', 'my_app', 'secret', Array)
#1 C:\xampp\htdocs\SarGlass\vendor\cakephp\cakephp\src\Database\Driver\Mysql.php(104): Cake\Database\Driver\Mysql->_connect('mysql:host=loca...', Array)
#2 C:\xampp\htdocs\SarGlass\vendor\cakephp\cakephp\src\Database\Schema\BaseSchema.php(45): Cake\Database\Driver\Mysql->connect()
#3 C:\xampp\htdocs\SarGlass\vendor\cakephp\cakephp\src\Database\Dialect\MysqlDialectTrait.php(63): Cake\Database\Schema\BaseSchema->__construct(Object(Cake\Database\Driver\Mysql))
#4 C:\xampp\htdocs\SarGlass\vendor\cakephp\cakephp\src\Database\Schema\Collection.php(52): Cake\Database\Driver\Mysql->schemaDialect()
#5 C:\xampp\htdocs\SarGlass\vendor\cakephp\cakephp\src\Database\Schema\CachedCollection.php(42): Cake\Database\Schema\Collection->__construct(Object(Cake\Database\Connection))
#6 C:\xampp\htdocs\SarGlass\vendor\cakephp\cakephp\src\Database\Connection.php(322): Cake\Database\Schema\CachedCollection->__construct(Object(Cake\Database\Connection), true)
#7 C:\xampp\htdocs\SarGlass\vendor\cakephp\bake\src\Shell\Task\ModelTask.php(946): Cake\Database\Connection->schemaCollection()
#8 C:\xampp\htdocs\SarGlass\vendor\cakephp\bake\src\Shell\Task\ModelTask.php(898): Bake\Shell\Task\ModelTask->_getAllTables()
#9 C:\xampp\htdocs\SarGlass\vendor\cakephp\bake\src\Shell\Task\ModelTask.php(202): Bake\Shell\Task\ModelTask->listAll()
#10 C:\xampp\htdocs\SarGlass\vendor\cakephp\bake\src\Shell\Task\ModelTask.php(127): Bake\Shell\Task\ModelTask->getAssociations(Object(Cake\ORM\Table))
#11 C:\xampp\htdocs\SarGlass\vendor\cakephp\bake\src\Shell\Task\ModelTask.php(110): Bake\Shell\Task\ModelTask->getTableContext(Object(Cake\ORM\Table), 'cargos', 'Cargos')
#12 C:\xampp\htdocs\SarGlass\vendor\cakephp\bake\src\Shell\Task\ModelTask.php(97): Bake\Shell\Task\ModelTask->bake('Cargos')
#13 C:\xampp\htdocs\SarGlass\vendor\cakephp\bake\src\Shell\BakeShell.php(257): Bake\Shell\Task\ModelTask->main('Cargos')
#14 C:\xampp\htdocs\SarGlass\vendor\cakephp\cakephp\src\Collection\CollectionTrait.php(52): Bake\Shell\BakeShell->Bake\Shell\{closure}('Cargos', 0)
#15 C:\xampp\htdocs\SarGlass\vendor\cakephp\bake\src\Shell\BakeShell.php(260): Cake\Collection\Collection->each(Object(Closure))
#16 [internal function]: Bake\Shell\BakeShell->all('cargos')
#17 C:\xampp\htdocs\SarGlass\vendor\cakephp\cakephp\src\Console\Shell.php(459): call_user_func_array(Array, Array)
#18 C:\xampp\htdocs\SarGlass\vendor\cakephp\cakephp\src\Console\ShellDispatcher.php(227): Cake\Console\Shell->runCommand(Array, true, Array)
#19 C:\xampp\htdocs\SarGlass\vendor\cakephp\cakephp\src\Console\ShellDispatcher.php(182): Cake\Console\ShellDispatcher->_dispatch(Array)
#20 C:\xampp\htdocs\SarGlass\vendor\cakephp\cakephp\src\Console\ShellDispatcher.php(128): Cake\Console\ShellDispatcher->dispatch(Array)
#21 C:\xampp\htdocs\SarGlass\bin\cake.php(34): Cake\Console\ShellDispatcher::run(Array)
#22 {main}


2017-01-10 15:28:54 Error: [Cake\Database\Exception] SQLSTATE[42S02]: Base table or view not found: 1146 Table 'msyfginformation.tareasdehogars' doesn't exist
Stack Trace:
#0 C:\xampp\htdocs\SarGlass\vendor\cakephp\cakephp\src\Database\Schema\Collection.php(97): Cake\Database\Schema\Collection->_reflect('Column', 'tareasdehogars', Array, Object(Cake\Database\Schema\Table))
#1 C:\xampp\htdocs\SarGlass\vendor\cakephp\cakephp\src\Database\Schema\CachedCollection.php(63): Cake\Database\Schema\Collection->describe('tareasdehogars', Array)
#2 C:\xampp\htdocs\SarGlass\vendor\cakephp\cakephp\src\ORM\Table.php(440): Cake\Database\Schema\CachedCollection->describe('tareasdehogars')
#3 C:\xampp\htdocs\SarGlass\vendor\cakephp\cakephp\src\ORM\Table.php(518): Cake\ORM\Table->schema()
#4 C:\xampp\htdocs\SarGlass\vendor\cakephp\bake\src\Shell\Task\ModelTask.php(210): Cake\ORM\Table->primaryKey()
#5 C:\xampp\htdocs\SarGlass\vendor\cakephp\bake\src\Shell\Task\ModelTask.php(127): Bake\Shell\Task\ModelTask->getAssociations(Object(Cake\ORM\Table))
#6 C:\xampp\htdocs\SarGlass\vendor\cakephp\bake\src\Shell\Task\ModelTask.php(110): Bake\Shell\Task\ModelTask->getTableContext(Object(Cake\ORM\Table), 'tareasdehogars', 'Tareasdehogars')
#7 C:\xampp\htdocs\SarGlass\vendor\cakephp\bake\src\Shell\Task\ModelTask.php(97): Bake\Shell\Task\ModelTask->bake('Tareasdehogars')
#8 C:\xampp\htdocs\SarGlass\vendor\cakephp\bake\src\Shell\BakeShell.php(257): Bake\Shell\Task\ModelTask->main('Tareasdehogars')
#9 C:\xampp\htdocs\SarGlass\vendor\cakephp\cakephp\src\Collection\CollectionTrait.php(52): Bake\Shell\BakeShell->Bake\Shell\{closure}('Tareasdehogars', 0)
#10 C:\xampp\htdocs\SarGlass\vendor\cakephp\bake\src\Shell\BakeShell.php(260): Cake\Collection\Collection->each(Object(Closure))
#11 [internal function]: Bake\Shell\BakeShell->all('tareasdehogars')
#12 C:\xampp\htdocs\SarGlass\vendor\cakephp\cakephp\src\Console\Shell.php(459): call_user_func_array(Array, Array)
#13 C:\xampp\htdocs\SarGlass\vendor\cakephp\cakephp\src\Console\ShellDispatcher.php(227): Cake\Console\Shell->runCommand(Array, true, Array)
#14 C:\xampp\htdocs\SarGlass\vendor\cakephp\cakephp\src\Console\ShellDispatcher.php(182): Cake\Console\ShellDispatcher->_dispatch(Array)
#15 C:\xampp\htdocs\SarGlass\vendor\cakephp\cakephp\src\Console\ShellDispatcher.php(128): Cake\Console\ShellDispatcher->dispatch(Array)
#16 C:\xampp\htdocs\SarGlass\bin\cake.php(34): Cake\Console\ShellDispatcher::run(Array)
#17 {main}


