2017-01-10 16:22:43 Notice: Notice (8): Undefined variable: cakeDescription in [C:\xampp\htdocs\SarGlass\src\Template\Pages\home.ctp, line 31]
Request URL: /SarGlass/
Trace:
Cake\Error\BaseErrorHandler::handleError() - CORE\src\Error\BaseErrorHandler.php, line 146
include - APP/Template\Pages\home.ctp, line 31
Cake\View\View::_evaluate() - CORE\src\View\View.php, line 1014
Cake\View\View::_render() - CORE\src\View\View.php, line 973
Cake\View\View::render() - CORE\src\View\View.php, line 597
Cake\Controller\Controller::render() - CORE\src\Controller\Controller.php, line 617
App\Controller\PagesController::display() - APP/Controller\PagesController.php, line 62
Cake\Controller\Controller::invokeAction() - CORE\src\Controller\Controller.php, line 435
Cake\Http\ActionDispatcher::_invoke() - CORE\src\Http\ActionDispatcher.php, line 121
Cake\Http\ActionDispatcher::dispatch() - CORE\src\Http\ActionDispatcher.php, line 95
Cake\Http\BaseApplication::__invoke() - CORE\src\Http\BaseApplication.php, line 83
Cake\Http\Runner::__invoke() - CORE\src\Http\Runner.php, line 65
Cake\Routing\Middleware\RoutingMiddleware::__invoke() - CORE\src\Routing\Middleware\RoutingMiddleware.php, line 62
Cake\Http\Runner::__invoke() - CORE\src\Http\Runner.php, line 65
Cake\Routing\Middleware\AssetMiddleware::__invoke() - CORE\src\Routing\Middleware\AssetMiddleware.php, line 88
Cake\Http\Runner::__invoke() - CORE\src\Http\Runner.php, line 65
Cake\Error\Middleware\ErrorHandlerMiddleware::__invoke() - CORE\src\Error\Middleware\ErrorHandlerMiddleware.php, line 81
Cake\Http\Runner::__invoke() - CORE\src\Http\Runner.php, line 65
Cake\Http\Runner::run() - CORE\src\Http\Runner.php, line 51
Cake\Http\Server::run() - CORE\src\Http\Server.php, line 90
[main] - ROOT\webroot\index.php, line 37



2017-01-10 16:25:56 Notice: Notice (8): Undefined variable: cakeDescription in [C:\xampp\htdocs\SarGlass\src\Template\Pages\home.ctp, line 31]
Request URL: /SarGlass/
Trace:
Cake\Error\BaseErrorHandler::handleError() - CORE\src\Error\BaseErrorHandler.php, line 146
include - APP/Template\Pages\home.ctp, line 31
Cake\View\View::_evaluate() - CORE\src\View\View.php, line 1014
Cake\View\View::_render() - CORE\src\View\View.php, line 973
Cake\View\View::render() - CORE\src\View\View.php, line 597
Cake\Controller\Controller::render() - CORE\src\Controller\Controller.php, line 617
App\Controller\PagesController::display() - APP/Controller\PagesController.php, line 62
Cake\Controller\Controller::invokeAction() - CORE\src\Controller\Controller.php, line 435
Cake\Http\ActionDispatcher::_invoke() - CORE\src\Http\ActionDispatcher.php, line 121
Cake\Http\ActionDispatcher::dispatch() - CORE\src\Http\ActionDispatcher.php, line 95
Cake\Http\BaseApplication::__invoke() - CORE\src\Http\BaseApplication.php, line 83
Cake\Http\Runner::__invoke() - CORE\src\Http\Runner.php, line 65
Cake\Routing\Middleware\RoutingMiddleware::__invoke() - CORE\src\Routing\Middleware\RoutingMiddleware.php, line 62
Cake\Http\Runner::__invoke() - CORE\src\Http\Runner.php, line 65
Cake\Routing\Middleware\AssetMiddleware::__invoke() - CORE\src\Routing\Middleware\AssetMiddleware.php, line 88
Cake\Http\Runner::__invoke() - CORE\src\Http\Runner.php, line 65
Cake\Error\Middleware\ErrorHandlerMiddleware::__invoke() - CORE\src\Error\Middleware\ErrorHandlerMiddleware.php, line 81
Cake\Http\Runner::__invoke() - CORE\src\Http\Runner.php, line 65
Cake\Http\Runner::run() - CORE\src\Http\Runner.php, line 51
Cake\Http\Server::run() - CORE\src\Http\Server.php, line 90
[main] - ROOT\webroot\index.php, line 37



2017-01-10 16:26:35 Notice: Notice (8): Undefined variable: cakeDescription in [C:\xampp\htdocs\SarGlass\src\Template\Pages\home.ctp, line 31]
Request URL: /SarGlass/
Trace:
Cake\Error\BaseErrorHandler::handleError() - CORE\src\Error\BaseErrorHandler.php, line 146
include - APP/Template\Pages\home.ctp, line 31
Cake\View\View::_evaluate() - CORE\src\View\View.php, line 1014
Cake\View\View::_render() - CORE\src\View\View.php, line 973
Cake\View\View::render() - CORE\src\View\View.php, line 597
Cake\Controller\Controller::render() - CORE\src\Controller\Controller.php, line 617
App\Controller\PagesController::display() - APP/Controller\PagesController.php, line 62
Cake\Controller\Controller::invokeAction() - CORE\src\Controller\Controller.php, line 435
Cake\Http\ActionDispatcher::_invoke() - CORE\src\Http\ActionDispatcher.php, line 121
Cake\Http\ActionDispatcher::dispatch() - CORE\src\Http\ActionDispatcher.php, line 95
Cake\Http\BaseApplication::__invoke() - CORE\src\Http\BaseApplication.php, line 83
Cake\Http\Runner::__invoke() - CORE\src\Http\Runner.php, line 65
Cake\Routing\Middleware\RoutingMiddleware::__invoke() - CORE\src\Routing\Middleware\RoutingMiddleware.php, line 62
Cake\Http\Runner::__invoke() - CORE\src\Http\Runner.php, line 65
Cake\Routing\Middleware\AssetMiddleware::__invoke() - CORE\src\Routing\Middleware\AssetMiddleware.php, line 88
Cake\Http\Runner::__invoke() - CORE\src\Http\Runner.php, line 65
Cake\Error\Middleware\ErrorHandlerMiddleware::__invoke() - CORE\src\Error\Middleware\ErrorHandlerMiddleware.php, line 81
Cake\Http\Runner::__invoke() - CORE\src\Http\Runner.php, line 65
Cake\Http\Runner::run() - CORE\src\Http\Runner.php, line 51
Cake\Http\Server::run() - CORE\src\Http\Server.php, line 90
[main] - ROOT\webroot\index.php, line 37



2017-01-10 16:28:04 Notice: Notice (8): Undefined variable: cakeDescription in [C:\xampp\htdocs\SarGlass\src\Template\Pages\home.ctp, line 31]
Request URL: /SarGlass/
Trace:
Cake\Error\BaseErrorHandler::handleError() - CORE\src\Error\BaseErrorHandler.php, line 146
include - APP/Template\Pages\home.ctp, line 31
Cake\View\View::_evaluate() - CORE\src\View\View.php, line 1014
Cake\View\View::_render() - CORE\src\View\View.php, line 973
Cake\View\View::render() - CORE\src\View\View.php, line 597
Cake\Controller\Controller::render() - CORE\src\Controller\Controller.php, line 617
App\Controller\PagesController::display() - APP/Controller\PagesController.php, line 62
Cake\Controller\Controller::invokeAction() - CORE\src\Controller\Controller.php, line 435
Cake\Http\ActionDispatcher::_invoke() - CORE\src\Http\ActionDispatcher.php, line 121
Cake\Http\ActionDispatcher::dispatch() - CORE\src\Http\ActionDispatcher.php, line 95
Cake\Http\BaseApplication::__invoke() - CORE\src\Http\BaseApplication.php, line 83
Cake\Http\Runner::__invoke() - CORE\src\Http\Runner.php, line 65
Cake\Routing\Middleware\RoutingMiddleware::__invoke() - CORE\src\Routing\Middleware\RoutingMiddleware.php, line 62
Cake\Http\Runner::__invoke() - CORE\src\Http\Runner.php, line 65
Cake\Routing\Middleware\AssetMiddleware::__invoke() - CORE\src\Routing\Middleware\AssetMiddleware.php, line 88
Cake\Http\Runner::__invoke() - CORE\src\Http\Runner.php, line 65
Cake\Error\Middleware\ErrorHandlerMiddleware::__invoke() - CORE\src\Error\Middleware\ErrorHandlerMiddleware.php, line 81
Cake\Http\Runner::__invoke() - CORE\src\Http\Runner.php, line 65
Cake\Http\Runner::run() - CORE\src\Http\Runner.php, line 51
Cake\Http\Server::run() - CORE\src\Http\Server.php, line 90
[main] - ROOT\webroot\index.php, line 37



2017-01-10 16:28:38 Notice: Notice (8): Undefined variable: cakeDescription in [C:\xampp\htdocs\SarGlass\src\Template\Pages\home.ctp, line 31]
Request URL: /SarGlass/
Trace:
Cake\Error\BaseErrorHandler::handleError() - CORE\src\Error\BaseErrorHandler.php, line 146
include - APP/Template\Pages\home.ctp, line 31
Cake\View\View::_evaluate() - CORE\src\View\View.php, line 1014
Cake\View\View::_render() - CORE\src\View\View.php, line 973
Cake\View\View::render() - CORE\src\View\View.php, line 597
Cake\Controller\Controller::render() - CORE\src\Controller\Controller.php, line 617
App\Controller\PagesController::display() - APP/Controller\PagesController.php, line 62
Cake\Controller\Controller::invokeAction() - CORE\src\Controller\Controller.php, line 435
Cake\Http\ActionDispatcher::_invoke() - CORE\src\Http\ActionDispatcher.php, line 121
Cake\Http\ActionDispatcher::dispatch() - CORE\src\Http\ActionDispatcher.php, line 95
Cake\Http\BaseApplication::__invoke() - CORE\src\Http\BaseApplication.php, line 83
Cake\Http\Runner::__invoke() - CORE\src\Http\Runner.php, line 65
Cake\Routing\Middleware\RoutingMiddleware::__invoke() - CORE\src\Routing\Middleware\RoutingMiddleware.php, line 62
Cake\Http\Runner::__invoke() - CORE\src\Http\Runner.php, line 65
Cake\Routing\Middleware\AssetMiddleware::__invoke() - CORE\src\Routing\Middleware\AssetMiddleware.php, line 88
Cake\Http\Runner::__invoke() - CORE\src\Http\Runner.php, line 65
Cake\Error\Middleware\ErrorHandlerMiddleware::__invoke() - CORE\src\Error\Middleware\ErrorHandlerMiddleware.php, line 81
Cake\Http\Runner::__invoke() - CORE\src\Http\Runner.php, line 65
Cake\Http\Runner::run() - CORE\src\Http\Runner.php, line 51
Cake\Http\Server::run() - CORE\src\Http\Server.php, line 90
[main] - ROOT\webroot\index.php, line 37



2017-01-10 16:34:36 Notice: Notice (8): Undefined variable: cakeDescription in [C:\xampp\htdocs\SarGlass\src\Template\Pages\home.ctp, line 31]
Request URL: /SarGlass/
Trace:
Cake\Error\BaseErrorHandler::handleError() - CORE\src\Error\BaseErrorHandler.php, line 146
include - APP/Template\Pages\home.ctp, line 31
Cake\View\View::_evaluate() - CORE\src\View\View.php, line 1014
Cake\View\View::_render() - CORE\src\View\View.php, line 973
Cake\View\View::render() - CORE\src\View\View.php, line 597
Cake\Controller\Controller::render() - CORE\src\Controller\Controller.php, line 617
App\Controller\PagesController::display() - APP/Controller\PagesController.php, line 62
Cake\Controller\Controller::invokeAction() - CORE\src\Controller\Controller.php, line 435
Cake\Http\ActionDispatcher::_invoke() - CORE\src\Http\ActionDispatcher.php, line 121
Cake\Http\ActionDispatcher::dispatch() - CORE\src\Http\ActionDispatcher.php, line 95
Cake\Http\BaseApplication::__invoke() - CORE\src\Http\BaseApplication.php, line 83
Cake\Http\Runner::__invoke() - CORE\src\Http\Runner.php, line 65
Cake\Routing\Middleware\RoutingMiddleware::__invoke() - CORE\src\Routing\Middleware\RoutingMiddleware.php, line 62
Cake\Http\Runner::__invoke() - CORE\src\Http\Runner.php, line 65
Cake\Routing\Middleware\AssetMiddleware::__invoke() - CORE\src\Routing\Middleware\AssetMiddleware.php, line 88
Cake\Http\Runner::__invoke() - CORE\src\Http\Runner.php, line 65
Cake\Error\Middleware\ErrorHandlerMiddleware::__invoke() - CORE\src\Error\Middleware\ErrorHandlerMiddleware.php, line 81
Cake\Http\Runner::__invoke() - CORE\src\Http\Runner.php, line 65
Cake\Http\Runner::run() - CORE\src\Http\Runner.php, line 51
Cake\Http\Server::run() - CORE\src\Http\Server.php, line 90
[main] - ROOT\webroot\index.php, line 37



2017-01-10 16:36:08 Notice: Notice (8): Undefined variable: cakeDescription in [C:\xampp\htdocs\SarGlass\src\Template\Pages\home.ctp, line 31]
Request URL: /SarGlass/
Trace:
Cake\Error\BaseErrorHandler::handleError() - CORE\src\Error\BaseErrorHandler.php, line 146
include - APP/Template\Pages\home.ctp, line 31
Cake\View\View::_evaluate() - CORE\src\View\View.php, line 1014
Cake\View\View::_render() - CORE\src\View\View.php, line 973
Cake\View\View::render() - CORE\src\View\View.php, line 597
Cake\Controller\Controller::render() - CORE\src\Controller\Controller.php, line 617
App\Controller\PagesController::display() - APP/Controller\PagesController.php, line 62
Cake\Controller\Controller::invokeAction() - CORE\src\Controller\Controller.php, line 435
Cake\Http\ActionDispatcher::_invoke() - CORE\src\Http\ActionDispatcher.php, line 121
Cake\Http\ActionDispatcher::dispatch() - CORE\src\Http\ActionDispatcher.php, line 95
Cake\Http\BaseApplication::__invoke() - CORE\src\Http\BaseApplication.php, line 83
Cake\Http\Runner::__invoke() - CORE\src\Http\Runner.php, line 65
Cake\Routing\Middleware\RoutingMiddleware::__invoke() - CORE\src\Routing\Middleware\RoutingMiddleware.php, line 62
Cake\Http\Runner::__invoke() - CORE\src\Http\Runner.php, line 65
Cake\Routing\Middleware\AssetMiddleware::__invoke() - CORE\src\Routing\Middleware\AssetMiddleware.php, line 88
Cake\Http\Runner::__invoke() - CORE\src\Http\Runner.php, line 65
Cake\Error\Middleware\ErrorHandlerMiddleware::__invoke() - CORE\src\Error\Middleware\ErrorHandlerMiddleware.php, line 81
Cake\Http\Runner::__invoke() - CORE\src\Http\Runner.php, line 65
Cake\Http\Runner::run() - CORE\src\Http\Runner.php, line 51
Cake\Http\Server::run() - CORE\src\Http\Server.php, line 90
[main] - ROOT\webroot\index.php, line 37



2017-01-10 17:13:17 Notice: Notice (8): Undefined variable: cakeDescription in [C:\xampp\htdocs\SarGlass\src\Template\Pages\home.ctp, line 31]
Request URL: /SarGlass/
Trace:
Cake\Error\BaseErrorHandler::handleError() - CORE\src\Error\BaseErrorHandler.php, line 146
include - APP/Template\Pages\home.ctp, line 31
Cake\View\View::_evaluate() - CORE\src\View\View.php, line 1014
Cake\View\View::_render() - CORE\src\View\View.php, line 973
Cake\View\View::render() - CORE\src\View\View.php, line 597
Cake\Controller\Controller::render() - CORE\src\Controller\Controller.php, line 617
App\Controller\PagesController::display() - APP/Controller\PagesController.php, line 62
Cake\Controller\Controller::invokeAction() - CORE\src\Controller\Controller.php, line 435
Cake\Http\ActionDispatcher::_invoke() - CORE\src\Http\ActionDispatcher.php, line 121
Cake\Http\ActionDispatcher::dispatch() - CORE\src\Http\ActionDispatcher.php, line 95
Cake\Http\BaseApplication::__invoke() - CORE\src\Http\BaseApplication.php, line 83
Cake\Http\Runner::__invoke() - CORE\src\Http\Runner.php, line 65
Cake\Routing\Middleware\RoutingMiddleware::__invoke() - CORE\src\Routing\Middleware\RoutingMiddleware.php, line 62
Cake\Http\Runner::__invoke() - CORE\src\Http\Runner.php, line 65
Cake\Routing\Middleware\AssetMiddleware::__invoke() - CORE\src\Routing\Middleware\AssetMiddleware.php, line 88
Cake\Http\Runner::__invoke() - CORE\src\Http\Runner.php, line 65
Cake\Error\Middleware\ErrorHandlerMiddleware::__invoke() - CORE\src\Error\Middleware\ErrorHandlerMiddleware.php, line 81
Cake\Http\Runner::__invoke() - CORE\src\Http\Runner.php, line 65
Cake\Http\Runner::run() - CORE\src\Http\Runner.php, line 51
Cake\Http\Server::run() - CORE\src\Http\Server.php, line 90
[main] - ROOT\webroot\index.php, line 37



2017-01-13 19:51:59 Notice: Notice (8): Undefined variable: cakeDescription in [C:\xampp\htdocs\SarGlass\src\Template\Pages\home.ctp, line 31]
Request URL: /SarGlass/
Trace:
Cake\Error\BaseErrorHandler::handleError() - CORE\src\Error\BaseErrorHandler.php, line 146
include - APP/Template\Pages\home.ctp, line 31
Cake\View\View::_evaluate() - CORE\src\View\View.php, line 1014
Cake\View\View::_render() - CORE\src\View\View.php, line 973
Cake\View\View::render() - CORE\src\View\View.php, line 597
Cake\Controller\Controller::render() - CORE\src\Controller\Controller.php, line 617
App\Controller\PagesController::display() - APP/Controller\PagesController.php, line 62
Cake\Controller\Controller::invokeAction() - CORE\src\Controller\Controller.php, line 435
Cake\Http\ActionDispatcher::_invoke() - CORE\src\Http\ActionDispatcher.php, line 121
Cake\Http\ActionDispatcher::dispatch() - CORE\src\Http\ActionDispatcher.php, line 95
Cake\Http\BaseApplication::__invoke() - CORE\src\Http\BaseApplication.php, line 83
Cake\Http\Runner::__invoke() - CORE\src\Http\Runner.php, line 65
Cake\Routing\Middleware\RoutingMiddleware::__invoke() - CORE\src\Routing\Middleware\RoutingMiddleware.php, line 62
Cake\Http\Runner::__invoke() - CORE\src\Http\Runner.php, line 65
Cake\Routing\Middleware\AssetMiddleware::__invoke() - CORE\src\Routing\Middleware\AssetMiddleware.php, line 88
Cake\Http\Runner::__invoke() - CORE\src\Http\Runner.php, line 65
Cake\Error\Middleware\ErrorHandlerMiddleware::__invoke() - CORE\src\Error\Middleware\ErrorHandlerMiddleware.php, line 81
Cake\Http\Runner::__invoke() - CORE\src\Http\Runner.php, line 65
Cake\Http\Runner::run() - CORE\src\Http\Runner.php, line 51
Cake\Http\Server::run() - CORE\src\Http\Server.php, line 90
[main] - ROOT\webroot\index.php, line 37



2017-01-15 17:11:15 Notice: Notice (8): Array to string conversion in [C:\xampp\htdocs\SarGlass\src\Template\Estudiantes\add.ctp, line 27]
Request URL: /SarGlass/estudiantes/add
Referer URL: http://localhost/SarGlass/estudiantes
Trace:
Cake\Error\BaseErrorHandler::handleError() - CORE\src\Error\BaseErrorHandler.php, line 146
include - APP/Template\Estudiantes\add.ctp, line 27
Cake\View\View::_evaluate() - CORE\src\View\View.php, line 1014
Cake\View\View::_render() - CORE\src\View\View.php, line 973
Cake\View\View::render() - CORE\src\View\View.php, line 597
Cake\Controller\Controller::render() - CORE\src\Controller\Controller.php, line 617
Cake\Http\ActionDispatcher::_invoke() - CORE\src\Http\ActionDispatcher.php, line 127
Cake\Http\ActionDispatcher::dispatch() - CORE\src\Http\ActionDispatcher.php, line 95
Cake\Http\BaseApplication::__invoke() - CORE\src\Http\BaseApplication.php, line 83
Cake\Http\Runner::__invoke() - CORE\src\Http\Runner.php, line 65
Cake\Routing\Middleware\RoutingMiddleware::__invoke() - CORE\src\Routing\Middleware\RoutingMiddleware.php, line 62
Cake\Http\Runner::__invoke() - CORE\src\Http\Runner.php, line 65
Cake\Routing\Middleware\AssetMiddleware::__invoke() - CORE\src\Routing\Middleware\AssetMiddleware.php, line 88
Cake\Http\Runner::__invoke() - CORE\src\Http\Runner.php, line 65
Cake\Error\Middleware\ErrorHandlerMiddleware::__invoke() - CORE\src\Error\Middleware\ErrorHandlerMiddleware.php, line 81
Cake\Http\Runner::__invoke() - CORE\src\Http\Runner.php, line 65
Cake\Http\Runner::run() - CORE\src\Http\Runner.php, line 51
Cake\Http\Server::run() - CORE\src\Http\Server.php, line 90
[main] - ROOT\webroot\index.php, line 37



2017-01-18 07:44:33 Notice: Notice (8): Use of undefined constant style - assumed 'style' in [C:\xampp\htdocs\SarGlass\src\Template\Layout\default.ctp, line 29]
Request URL: /SarGlass/empresas
Referer URL: http://localhost/SarGlass/clubs
Trace:
Cake\Error\BaseErrorHandler::handleError() - CORE\src\Error\BaseErrorHandler.php, line 146
include - APP/Template\Layout\default.ctp, line 29
Cake\View\View::_evaluate() - CORE\src\View\View.php, line 1014
Cake\View\View::_render() - CORE\src\View\View.php, line 973
Cake\View\View::renderLayout() - CORE\src\View\View.php, line 644
Cake\View\View::render() - CORE\src\View\View.php, line 602
Cake\Controller\Controller::render() - CORE\src\Controller\Controller.php, line 617
Cake\Http\ActionDispatcher::_invoke() - CORE\src\Http\ActionDispatcher.php, line 127
Cake\Http\ActionDispatcher::dispatch() - CORE\src\Http\ActionDispatcher.php, line 95
Cake\Http\BaseApplication::__invoke() - CORE\src\Http\BaseApplication.php, line 83
Cake\Http\Runner::__invoke() - CORE\src\Http\Runner.php, line 65
Cake\Routing\Middleware\RoutingMiddleware::__invoke() - CORE\src\Routing\Middleware\RoutingMiddleware.php, line 62
Cake\Http\Runner::__invoke() - CORE\src\Http\Runner.php, line 65
Cake\Routing\Middleware\AssetMiddleware::__invoke() - CORE\src\Routing\Middleware\AssetMiddleware.php, line 88
Cake\Http\Runner::__invoke() - CORE\src\Http\Runner.php, line 65
Cake\Error\Middleware\ErrorHandlerMiddleware::__invoke() - CORE\src\Error\Middleware\ErrorHandlerMiddleware.php, line 81
Cake\Http\Runner::__invoke() - CORE\src\Http\Runner.php, line 65
Cake\Http\Runner::run() - CORE\src\Http\Runner.php, line 51
Cake\Http\Server::run() - CORE\src\Http\Server.php, line 90
[main] - ROOT\webroot\index.php, line 37



2017-01-18 07:44:33 Notice: Notice (8): Use of undefined constant css - assumed 'css' in [C:\xampp\htdocs\SarGlass\src\Template\Layout\default.ctp, line 29]
Request URL: /SarGlass/empresas
Referer URL: http://localhost/SarGlass/clubs
Trace:
Cake\Error\BaseErrorHandler::handleError() - CORE\src\Error\BaseErrorHandler.php, line 146
include - APP/Template\Layout\default.ctp, line 29
Cake\View\View::_evaluate() - CORE\src\View\View.php, line 1014
Cake\View\View::_render() - CORE\src\View\View.php, line 973
Cake\View\View::renderLayout() - CORE\src\View\View.php, line 644
Cake\View\View::render() - CORE\src\View\View.php, line 602
Cake\Controller\Controller::render() - CORE\src\Controller\Controller.php, line 617
Cake\Http\ActionDispatcher::_invoke() - CORE\src\Http\ActionDispatcher.php, line 127
Cake\Http\ActionDispatcher::dispatch() - CORE\src\Http\ActionDispatcher.php, line 95
Cake\Http\BaseApplication::__invoke() - CORE\src\Http\BaseApplication.php, line 83
Cake\Http\Runner::__invoke() - CORE\src\Http\Runner.php, line 65
Cake\Routing\Middleware\RoutingMiddleware::__invoke() - CORE\src\Routing\Middleware\RoutingMiddleware.php, line 62
Cake\Http\Runner::__invoke() - CORE\src\Http\Runner.php, line 65
Cake\Routing\Middleware\AssetMiddleware::__invoke() - CORE\src\Routing\Middleware\AssetMiddleware.php, line 88
Cake\Http\Runner::__invoke() - CORE\src\Http\Runner.php, line 65
Cake\Error\Middleware\ErrorHandlerMiddleware::__invoke() - CORE\src\Error\Middleware\ErrorHandlerMiddleware.php, line 81
Cake\Http\Runner::__invoke() - CORE\src\Http\Runner.php, line 65
Cake\Http\Runner::run() - CORE\src\Http\Runner.php, line 51
Cake\Http\Server::run() - CORE\src\Http\Server.php, line 90
[main] - ROOT\webroot\index.php, line 37



