2017-01-10 16:00:34 Error: [Cake\Routing\Exception\MissingControllerException] Controller class Img could not be found.
Exception Attributes: array (
  'class' => 'Img',
  'plugin' => false,
  'prefix' => false,
  '_ext' => false,
)
Request URL: /img/Logo.png
Referer URL: http://localhost/SarGlass/
Stack Trace:
#0 C:\xampp\htdocs\SarGlass\vendor\cakephp\cakephp\src\Http\ControllerFactory.php(72): Cake\Http\ControllerFactory->missingController(Object(Cake\Network\Request))
#1 C:\xampp\htdocs\SarGlass\vendor\cakephp\cakephp\src\Http\ActionDispatcher.php(92): Cake\Http\ControllerFactory->create(Object(Cake\Network\Request), Object(Cake\Network\Response))
#2 C:\xampp\htdocs\SarGlass\vendor\cakephp\cakephp\src\Http\BaseApplication.php(83): Cake\Http\ActionDispatcher->dispatch(Object(Cake\Network\Request), Object(Cake\Network\Response))
#3 C:\xampp\htdocs\SarGlass\vendor\cakephp\cakephp\src\Http\Runner.php(65): Cake\Http\BaseApplication->__invoke(Object(Zend\Diactoros\ServerRequest), Object(Zend\Diactoros\Response), Object(Cake\Http\Runner))
#4 C:\xampp\htdocs\SarGlass\vendor\cakephp\cakephp\src\Routing\Middleware\RoutingMiddleware.php(62): Cake\Http\Runner->__invoke(Object(Zend\Diactoros\ServerRequest), Object(Zend\Diactoros\Response))
#5 C:\xampp\htdocs\SarGlass\vendor\cakephp\cakephp\src\Http\Runner.php(65): Cake\Routing\Middleware\RoutingMiddleware->__invoke(Object(Zend\Diactoros\ServerRequest), Object(Zend\Diactoros\Response), Object(Cake\Http\Runner))
#6 C:\xampp\htdocs\SarGlass\vendor\cakephp\cakephp\src\Routing\Middleware\AssetMiddleware.php(93): Cake\Http\Runner->__invoke(Object(Zend\Diactoros\ServerRequest), Object(Zend\Diactoros\Response))
#7 C:\xampp\htdocs\SarGlass\vendor\cakephp\cakephp\src\Http\Runner.php(65): Cake\Routing\Middleware\AssetMiddleware->__invoke(Object(Zend\Diactoros\ServerRequest), Object(Zend\Diactoros\Response), Object(Cake\Http\Runner))
#8 C:\xampp\htdocs\SarGlass\vendor\cakephp\cakephp\src\Error\Middleware\ErrorHandlerMiddleware.php(81): Cake\Http\Runner->__invoke(Object(Zend\Diactoros\ServerRequest), Object(Zend\Diactoros\Response))
#9 C:\xampp\htdocs\SarGlass\vendor\cakephp\cakephp\src\Http\Runner.php(65): Cake\Error\Middleware\ErrorHandlerMiddleware->__invoke(Object(Zend\Diactoros\ServerRequest), Object(Zend\Diactoros\Response), Object(Cake\Http\Runner))
#10 C:\xampp\htdocs\SarGlass\vendor\cakephp\cakephp\src\Http\Runner.php(51): Cake\Http\Runner->__invoke(Object(Zend\Diactoros\ServerRequest), Object(Zend\Diactoros\Response))
#11 C:\xampp\htdocs\SarGlass\vendor\cakephp\cakephp\src\Http\Server.php(90): Cake\Http\Runner->run(Object(Cake\Http\MiddlewareQueue), Object(Zend\Diactoros\ServerRequest), Object(Zend\Diactoros\Response))
#12 C:\xampp\htdocs\SarGlass\webroot\index.php(37): Cake\Http\Server->run()
#13 {main}


2017-01-10 16:01:58 Error: [Cake\Routing\Exception\MissingControllerException] Controller class Img could not be found.
Exception Attributes: array (
  'class' => 'Img',
  'plugin' => false,
  'prefix' => false,
  '_ext' => false,
)
Request URL: /img/Logo.png
Referer URL: http://localhost/SarGlass/
Stack Trace:
#0 C:\xampp\htdocs\SarGlass\vendor\cakephp\cakephp\src\Http\ControllerFactory.php(72): Cake\Http\ControllerFactory->missingController(Object(Cake\Network\Request))
#1 C:\xampp\htdocs\SarGlass\vendor\cakephp\cakephp\src\Http\ActionDispatcher.php(92): Cake\Http\ControllerFactory->create(Object(Cake\Network\Request), Object(Cake\Network\Response))
#2 C:\xampp\htdocs\SarGlass\vendor\cakephp\cakephp\src\Http\BaseApplication.php(83): Cake\Http\ActionDispatcher->dispatch(Object(Cake\Network\Request), Object(Cake\Network\Response))
#3 C:\xampp\htdocs\SarGlass\vendor\cakephp\cakephp\src\Http\Runner.php(65): Cake\Http\BaseApplication->__invoke(Object(Zend\Diactoros\ServerRequest), Object(Zend\Diactoros\Response), Object(Cake\Http\Runner))
#4 C:\xampp\htdocs\SarGlass\vendor\cakephp\cakephp\src\Routing\Middleware\RoutingMiddleware.php(62): Cake\Http\Runner->__invoke(Object(Zend\Diactoros\ServerRequest), Object(Zend\Diactoros\Response))
#5 C:\xampp\htdocs\SarGlass\vendor\cakephp\cakephp\src\Http\Runner.php(65): Cake\Routing\Middleware\RoutingMiddleware->__invoke(Object(Zend\Diactoros\ServerRequest), Object(Zend\Diactoros\Response), Object(Cake\Http\Runner))
#6 C:\xampp\htdocs\SarGlass\vendor\cakephp\cakephp\src\Routing\Middleware\AssetMiddleware.php(93): Cake\Http\Runner->__invoke(Object(Zend\Diactoros\ServerRequest), Object(Zend\Diactoros\Response))
#7 C:\xampp\htdocs\SarGlass\vendor\cakephp\cakephp\src\Http\Runner.php(65): Cake\Routing\Middleware\AssetMiddleware->__invoke(Object(Zend\Diactoros\ServerRequest), Object(Zend\Diactoros\Response), Object(Cake\Http\Runner))
#8 C:\xampp\htdocs\SarGlass\vendor\cakephp\cakephp\src\Error\Middleware\ErrorHandlerMiddleware.php(81): Cake\Http\Runner->__invoke(Object(Zend\Diactoros\ServerRequest), Object(Zend\Diactoros\Response))
#9 C:\xampp\htdocs\SarGlass\vendor\cakephp\cakephp\src\Http\Runner.php(65): Cake\Error\Middleware\ErrorHandlerMiddleware->__invoke(Object(Zend\Diactoros\ServerRequest), Object(Zend\Diactoros\Response), Object(Cake\Http\Runner))
#10 C:\xampp\htdocs\SarGlass\vendor\cakephp\cakephp\src\Http\Runner.php(51): Cake\Http\Runner->__invoke(Object(Zend\Diactoros\ServerRequest), Object(Zend\Diactoros\Response))
#11 C:\xampp\htdocs\SarGlass\vendor\cakephp\cakephp\src\Http\Server.php(90): Cake\Http\Runner->run(Object(Cake\Http\MiddlewareQueue), Object(Zend\Diactoros\ServerRequest), Object(Zend\Diactoros\Response))
#12 C:\xampp\htdocs\SarGlass\webroot\index.php(37): Cake\Http\Server->run()
#13 {main}


2017-01-13 20:40:01 Error: [ParseError] syntax error, unexpected '=>' (T_DOUBLE_ARROW), expecting ',' or ')'
Request URL: /SarGlass/asistencias/add
Referer URL: http://localhost/SarGlass/asistencias
Stack Trace:
#0 C:\xampp\htdocs\SarGlass\vendor\cakephp\cakephp\src\View\View.php(973): Cake\View\View->_evaluate('C:\\xampp\\htdocs...', Array)
#1 C:\xampp\htdocs\SarGlass\vendor\cakephp\cakephp\src\View\View.php(597): Cake\View\View->_render('C:\\xampp\\htdocs...')
#2 C:\xampp\htdocs\SarGlass\vendor\cakephp\cakephp\src\Controller\Controller.php(617): Cake\View\View->render(NULL, NULL)
#3 C:\xampp\htdocs\SarGlass\vendor\cakephp\cakephp\src\Http\ActionDispatcher.php(127): Cake\Controller\Controller->render()
#4 C:\xampp\htdocs\SarGlass\vendor\cakephp\cakephp\src\Http\ActionDispatcher.php(95): Cake\Http\ActionDispatcher->_invoke(Object(App\Controller\AsistenciasController))
#5 C:\xampp\htdocs\SarGlass\vendor\cakephp\cakephp\src\Http\BaseApplication.php(83): Cake\Http\ActionDispatcher->dispatch(Object(Cake\Network\Request), Object(Cake\Network\Response))
#6 C:\xampp\htdocs\SarGlass\vendor\cakephp\cakephp\src\Http\Runner.php(65): Cake\Http\BaseApplication->__invoke(Object(Zend\Diactoros\ServerRequest), Object(Zend\Diactoros\Response), Object(Cake\Http\Runner))
#7 C:\xampp\htdocs\SarGlass\vendor\cakephp\cakephp\src\Routing\Middleware\RoutingMiddleware.php(62): Cake\Http\Runner->__invoke(Object(Zend\Diactoros\ServerRequest), Object(Zend\Diactoros\Response))
#8 C:\xampp\htdocs\SarGlass\vendor\cakephp\cakephp\src\Http\Runner.php(65): Cake\Routing\Middleware\RoutingMiddleware->__invoke(Object(Zend\Diactoros\ServerRequest), Object(Zend\Diactoros\Response), Object(Cake\Http\Runner))
#9 C:\xampp\htdocs\SarGlass\vendor\cakephp\cakephp\src\Routing\Middleware\AssetMiddleware.php(88): Cake\Http\Runner->__invoke(Object(Zend\Diactoros\ServerRequest), Object(Zend\Diactoros\Response))
#10 C:\xampp\htdocs\SarGlass\vendor\cakephp\cakephp\src\Http\Runner.php(65): Cake\Routing\Middleware\AssetMiddleware->__invoke(Object(Zend\Diactoros\ServerRequest), Object(Zend\Diactoros\Response), Object(Cake\Http\Runner))
#11 C:\xampp\htdocs\SarGlass\vendor\cakephp\cakephp\src\Error\Middleware\ErrorHandlerMiddleware.php(81): Cake\Http\Runner->__invoke(Object(Zend\Diactoros\ServerRequest), Object(Zend\Diactoros\Response))
#12 C:\xampp\htdocs\SarGlass\vendor\cakephp\cakephp\src\Http\Runner.php(65): Cake\Error\Middleware\ErrorHandlerMiddleware->__invoke(Object(Zend\Diactoros\ServerRequest), Object(Zend\Diactoros\Response), Object(Cake\Http\Runner))
#13 C:\xampp\htdocs\SarGlass\vendor\cakephp\cakephp\src\Http\Runner.php(51): Cake\Http\Runner->__invoke(Object(Zend\Diactoros\ServerRequest), Object(Zend\Diactoros\Response))
#14 C:\xampp\htdocs\SarGlass\vendor\cakephp\cakephp\src\Http\Server.php(90): Cake\Http\Runner->run(Object(Cake\Http\MiddlewareQueue), Object(Zend\Diactoros\ServerRequest), Object(Zend\Diactoros\Response))
#15 C:\xampp\htdocs\SarGlass\webroot\index.php(37): Cake\Http\Server->run()
#16 {main}


2017-01-14 07:16:26 Error: [PDOException] SQLSTATE[HY000]: General error: 1364 Field 'idCargo' doesn't have a default value
Request URL: /cargos/add
Referer URL: http://localhost/SarGlass/cargos/add
Stack Trace:
#0 C:\xampp\htdocs\SarGlass\vendor\cakephp\cakephp\src\Database\Statement\MysqlStatement.php(36): PDOStatement->execute(NULL)
#1 C:\xampp\htdocs\SarGlass\vendor\cakephp\cakephp\src\Database\Statement\StatementDecorator.php(172): Cake\Database\Statement\MysqlStatement->execute(NULL)
#2 C:\xampp\htdocs\SarGlass\vendor\cakephp\cakephp\src\Database\Log\LoggingStatement.php(56): Cake\Database\Statement\StatementDecorator->execute(NULL)
#3 C:\xampp\htdocs\SarGlass\vendor\cakephp\cakephp\src\Database\Connection.php(276): Cake\Database\Log\LoggingStatement->execute()
#4 C:\xampp\htdocs\SarGlass\vendor\cakephp\cakephp\src\Database\Query.php(189): Cake\Database\Connection->run(Object(Cake\ORM\Query))
#5 C:\xampp\htdocs\SarGlass\vendor\cakephp\cakephp\src\ORM\Table.php(1670): Cake\Database\Query->execute()
#6 C:\xampp\htdocs\SarGlass\vendor\cakephp\cakephp\src\ORM\Table.php(1564): Cake\ORM\Table->_insert(Object(App\Model\Entity\Cargo), Array)
#7 C:\xampp\htdocs\SarGlass\vendor\cakephp\cakephp\src\ORM\Table.php(1492): Cake\ORM\Table->_processSave(Object(App\Model\Entity\Cargo), Object(ArrayObject))
#8 C:\xampp\htdocs\SarGlass\vendor\cakephp\cakephp\src\Database\Connection.php(570): Cake\ORM\Table->Cake\ORM\{closure}(Object(Cake\Database\Connection))
#9 C:\xampp\htdocs\SarGlass\vendor\cakephp\cakephp\src\ORM\Table.php(1493): Cake\Database\Connection->transactional(Object(Closure))
#10 C:\xampp\htdocs\SarGlass\src\Controller\CargosController.php(54): Cake\ORM\Table->save(Object(App\Model\Entity\Cargo))
#11 [internal function]: App\Controller\CargosController->add()
#12 C:\xampp\htdocs\SarGlass\vendor\cakephp\cakephp\src\Controller\Controller.php(435): call_user_func_array(Array, Array)
#13 C:\xampp\htdocs\SarGlass\vendor\cakephp\cakephp\src\Http\ActionDispatcher.php(121): Cake\Controller\Controller->invokeAction()
#14 C:\xampp\htdocs\SarGlass\vendor\cakephp\cakephp\src\Http\ActionDispatcher.php(95): Cake\Http\ActionDispatcher->_invoke(Object(App\Controller\CargosController))
#15 C:\xampp\htdocs\SarGlass\vendor\cakephp\cakephp\src\Http\BaseApplication.php(83): Cake\Http\ActionDispatcher->dispatch(Object(Cake\Network\Request), Object(Cake\Network\Response))
#16 C:\xampp\htdocs\SarGlass\vendor\cakephp\cakephp\src\Http\Runner.php(65): Cake\Http\BaseApplication->__invoke(Object(Zend\Diactoros\ServerRequest), Object(Zend\Diactoros\Response), Object(Cake\Http\Runner))
#17 C:\xampp\htdocs\SarGlass\vendor\cakephp\cakephp\src\Routing\Middleware\RoutingMiddleware.php(62): Cake\Http\Runner->__invoke(Object(Zend\Diactoros\ServerRequest), Object(Zend\Diactoros\Response))
#18 C:\xampp\htdocs\SarGlass\vendor\cakephp\cakephp\src\Http\Runner.php(65): Cake\Routing\Middleware\RoutingMiddleware->__invoke(Object(Zend\Diactoros\ServerRequest), Object(Zend\Diactoros\Response), Object(Cake\Http\Runner))
#19 C:\xampp\htdocs\SarGlass\vendor\cakephp\cakephp\src\Routing\Middleware\AssetMiddleware.php(88): Cake\Http\Runner->__invoke(Object(Zend\Diactoros\ServerRequest), Object(Zend\Diactoros\Response))
#20 C:\xampp\htdocs\SarGlass\vendor\cakephp\cakephp\src\Http\Runner.php(65): Cake\Routing\Middleware\AssetMiddleware->__invoke(Object(Zend\Diactoros\ServerRequest), Object(Zend\Diactoros\Response), Object(Cake\Http\Runner))
#21 C:\xampp\htdocs\SarGlass\vendor\cakephp\cakephp\src\Error\Middleware\ErrorHandlerMiddleware.php(81): Cake\Http\Runner->__invoke(Object(Zend\Diactoros\ServerRequest), Object(Zend\Diactoros\Response))
#22 C:\xampp\htdocs\SarGlass\vendor\cakephp\cakephp\src\Http\Runner.php(65): Cake\Error\Middleware\ErrorHandlerMiddleware->__invoke(Object(Zend\Diactoros\ServerRequest), Object(Zend\Diactoros\Response), Object(Cake\Http\Runner))
#23 C:\xampp\htdocs\SarGlass\vendor\cakephp\cakephp\src\Http\Runner.php(51): Cake\Http\Runner->__invoke(Object(Zend\Diactoros\ServerRequest), Object(Zend\Diactoros\Response))
#24 C:\xampp\htdocs\SarGlass\vendor\cakephp\cakephp\src\Http\Server.php(90): Cake\Http\Runner->run(Object(Cake\Http\MiddlewareQueue), Object(Zend\Diactoros\ServerRequest), Object(Zend\Diactoros\Response))
#25 C:\xampp\htdocs\SarGlass\webroot\index.php(37): Cake\Http\Server->run()
#26 {main}


2017-01-14 16:06:09 Error: [PDOException] SQLSTATE[42S22]: Column not found: 1054 Unknown column 'Personas.e' in 'field list'
Request URL: /clubs
Stack Trace:
#0 C:\xampp\htdocs\SarGlass\vendor\cakephp\cakephp\src\Database\Statement\MysqlStatement.php(36): PDOStatement->execute(NULL)
#1 C:\xampp\htdocs\SarGlass\vendor\cakephp\cakephp\src\Database\Statement\StatementDecorator.php(172): Cake\Database\Statement\MysqlStatement->execute(NULL)
#2 C:\xampp\htdocs\SarGlass\vendor\cakephp\cakephp\src\Database\Log\LoggingStatement.php(56): Cake\Database\Statement\StatementDecorator->execute(NULL)
#3 C:\xampp\htdocs\SarGlass\vendor\cakephp\cakephp\src\Database\Connection.php(276): Cake\Database\Log\LoggingStatement->execute()
#4 C:\xampp\htdocs\SarGlass\vendor\cakephp\cakephp\src\Database\Query.php(189): Cake\Database\Connection->run(Object(Cake\ORM\Query))
#5 C:\xampp\htdocs\SarGlass\vendor\cakephp\cakephp\src\ORM\Query.php(957): Cake\Database\Query->execute()
#6 C:\xampp\htdocs\SarGlass\vendor\cakephp\cakephp\src\Datasource\QueryTrait.php(276): Cake\ORM\Query->_execute()
#7 C:\xampp\htdocs\SarGlass\vendor\cakephp\cakephp\src\ORM\Query.php(905): Cake\ORM\Query->_all()
#8 C:\xampp\htdocs\SarGlass\vendor\cakephp\cakephp\src\Controller\Component\PaginatorComponent.php(189): Cake\ORM\Query->all()
#9 C:\xampp\htdocs\SarGlass\vendor\cakephp\cakephp\src\Controller\Controller.php(713): Cake\Controller\Component\PaginatorComponent->paginate(Object(App\Model\Table\ClubsTable), Array)
#10 C:\xampp\htdocs\SarGlass\src\Controller\ClubsController.php(24): Cake\Controller\Controller->paginate(Object(App\Model\Table\ClubsTable))
#11 [internal function]: App\Controller\ClubsController->index()
#12 C:\xampp\htdocs\SarGlass\vendor\cakephp\cakephp\src\Controller\Controller.php(435): call_user_func_array(Array, Array)
#13 C:\xampp\htdocs\SarGlass\vendor\cakephp\cakephp\src\Http\ActionDispatcher.php(121): Cake\Controller\Controller->invokeAction()
#14 C:\xampp\htdocs\SarGlass\vendor\cakephp\cakephp\src\Http\ActionDispatcher.php(95): Cake\Http\ActionDispatcher->_invoke(Object(App\Controller\ClubsController))
#15 C:\xampp\htdocs\SarGlass\vendor\cakephp\cakephp\src\Http\BaseApplication.php(83): Cake\Http\ActionDispatcher->dispatch(Object(Cake\Network\Request), Object(Cake\Network\Response))
#16 C:\xampp\htdocs\SarGlass\vendor\cakephp\cakephp\src\Http\Runner.php(65): Cake\Http\BaseApplication->__invoke(Object(Zend\Diactoros\ServerRequest), Object(Zend\Diactoros\Response), Object(Cake\Http\Runner))
#17 C:\xampp\htdocs\SarGlass\vendor\cakephp\cakephp\src\Routing\Middleware\RoutingMiddleware.php(62): Cake\Http\Runner->__invoke(Object(Zend\Diactoros\ServerRequest), Object(Zend\Diactoros\Response))
#18 C:\xampp\htdocs\SarGlass\vendor\cakephp\cakephp\src\Http\Runner.php(65): Cake\Routing\Middleware\RoutingMiddleware->__invoke(Object(Zend\Diactoros\ServerRequest), Object(Zend\Diactoros\Response), Object(Cake\Http\Runner))
#19 C:\xampp\htdocs\SarGlass\vendor\cakephp\cakephp\src\Routing\Middleware\AssetMiddleware.php(88): Cake\Http\Runner->__invoke(Object(Zend\Diactoros\ServerRequest), Object(Zend\Diactoros\Response))
#20 C:\xampp\htdocs\SarGlass\vendor\cakephp\cakephp\src\Http\Runner.php(65): Cake\Routing\Middleware\AssetMiddleware->__invoke(Object(Zend\Diactoros\ServerRequest), Object(Zend\Diactoros\Response), Object(Cake\Http\Runner))
#21 C:\xampp\htdocs\SarGlass\vendor\cakephp\cakephp\src\Error\Middleware\ErrorHandlerMiddleware.php(81): Cake\Http\Runner->__invoke(Object(Zend\Diactoros\ServerRequest), Object(Zend\Diactoros\Response))
#22 C:\xampp\htdocs\SarGlass\vendor\cakephp\cakephp\src\Http\Runner.php(65): Cake\Error\Middleware\ErrorHandlerMiddleware->__invoke(Object(Zend\Diactoros\ServerRequest), Object(Zend\Diactoros\Response), Object(Cake\Http\Runner))
#23 C:\xampp\htdocs\SarGlass\vendor\cakephp\cakephp\src\Http\Runner.php(51): Cake\Http\Runner->__invoke(Object(Zend\Diactoros\ServerRequest), Object(Zend\Diactoros\Response))
#24 C:\xampp\htdocs\SarGlass\vendor\cakephp\cakephp\src\Http\Server.php(90): Cake\Http\Runner->run(Object(Cake\Http\MiddlewareQueue), Object(Zend\Diactoros\ServerRequest), Object(Zend\Diactoros\Response))
#25 C:\xampp\htdocs\SarGlass\webroot\index.php(37): Cake\Http\Server->run()
#26 {main}


2017-01-14 16:21:08 Error: [PDOException] SQLSTATE[42S22]: Column not found: 1054 Unknown column 'Personas.e' in 'field list'
Request URL: /clubs
Stack Trace:
#0 C:\xampp\htdocs\SarGlass\vendor\cakephp\cakephp\src\Database\Statement\MysqlStatement.php(36): PDOStatement->execute(NULL)
#1 C:\xampp\htdocs\SarGlass\vendor\cakephp\cakephp\src\Database\Statement\StatementDecorator.php(172): Cake\Database\Statement\MysqlStatement->execute(NULL)
#2 C:\xampp\htdocs\SarGlass\vendor\cakephp\cakephp\src\Database\Log\LoggingStatement.php(56): Cake\Database\Statement\StatementDecorator->execute(NULL)
#3 C:\xampp\htdocs\SarGlass\vendor\cakephp\cakephp\src\Database\Connection.php(276): Cake\Database\Log\LoggingStatement->execute()
#4 C:\xampp\htdocs\SarGlass\vendor\cakephp\cakephp\src\Database\Query.php(189): Cake\Database\Connection->run(Object(Cake\ORM\Query))
#5 C:\xampp\htdocs\SarGlass\vendor\cakephp\cakephp\src\ORM\Query.php(957): Cake\Database\Query->execute()
#6 C:\xampp\htdocs\SarGlass\vendor\cakephp\cakephp\src\Datasource\QueryTrait.php(276): Cake\ORM\Query->_execute()
#7 C:\xampp\htdocs\SarGlass\vendor\cakephp\cakephp\src\ORM\Query.php(905): Cake\ORM\Query->_all()
#8 C:\xampp\htdocs\SarGlass\vendor\cakephp\cakephp\src\Controller\Component\PaginatorComponent.php(189): Cake\ORM\Query->all()
#9 C:\xampp\htdocs\SarGlass\vendor\cakephp\cakephp\src\Controller\Controller.php(713): Cake\Controller\Component\PaginatorComponent->paginate(Object(App\Model\Table\ClubsTable), Array)
#10 C:\xampp\htdocs\SarGlass\src\Controller\ClubsController.php(24): Cake\Controller\Controller->paginate(Object(App\Model\Table\ClubsTable))
#11 [internal function]: App\Controller\ClubsController->index()
#12 C:\xampp\htdocs\SarGlass\vendor\cakephp\cakephp\src\Controller\Controller.php(435): call_user_func_array(Array, Array)
#13 C:\xampp\htdocs\SarGlass\vendor\cakephp\cakephp\src\Http\ActionDispatcher.php(121): Cake\Controller\Controller->invokeAction()
#14 C:\xampp\htdocs\SarGlass\vendor\cakephp\cakephp\src\Http\ActionDispatcher.php(95): Cake\Http\ActionDispatcher->_invoke(Object(App\Controller\ClubsController))
#15 C:\xampp\htdocs\SarGlass\vendor\cakephp\cakephp\src\Http\BaseApplication.php(83): Cake\Http\ActionDispatcher->dispatch(Object(Cake\Network\Request), Object(Cake\Network\Response))
#16 C:\xampp\htdocs\SarGlass\vendor\cakephp\cakephp\src\Http\Runner.php(65): Cake\Http\BaseApplication->__invoke(Object(Zend\Diactoros\ServerRequest), Object(Zend\Diactoros\Response), Object(Cake\Http\Runner))
#17 C:\xampp\htdocs\SarGlass\vendor\cakephp\cakephp\src\Routing\Middleware\RoutingMiddleware.php(62): Cake\Http\Runner->__invoke(Object(Zend\Diactoros\ServerRequest), Object(Zend\Diactoros\Response))
#18 C:\xampp\htdocs\SarGlass\vendor\cakephp\cakephp\src\Http\Runner.php(65): Cake\Routing\Middleware\RoutingMiddleware->__invoke(Object(Zend\Diactoros\ServerRequest), Object(Zend\Diactoros\Response), Object(Cake\Http\Runner))
#19 C:\xampp\htdocs\SarGlass\vendor\cakephp\cakephp\src\Routing\Middleware\AssetMiddleware.php(88): Cake\Http\Runner->__invoke(Object(Zend\Diactoros\ServerRequest), Object(Zend\Diactoros\Response))
#20 C:\xampp\htdocs\SarGlass\vendor\cakephp\cakephp\src\Http\Runner.php(65): Cake\Routing\Middleware\AssetMiddleware->__invoke(Object(Zend\Diactoros\ServerRequest), Object(Zend\Diactoros\Response), Object(Cake\Http\Runner))
#21 C:\xampp\htdocs\SarGlass\vendor\cakephp\cakephp\src\Error\Middleware\ErrorHandlerMiddleware.php(81): Cake\Http\Runner->__invoke(Object(Zend\Diactoros\ServerRequest), Object(Zend\Diactoros\Response))
#22 C:\xampp\htdocs\SarGlass\vendor\cakephp\cakephp\src\Http\Runner.php(65): Cake\Error\Middleware\ErrorHandlerMiddleware->__invoke(Object(Zend\Diactoros\ServerRequest), Object(Zend\Diactoros\Response), Object(Cake\Http\Runner))
#23 C:\xampp\htdocs\SarGlass\vendor\cakephp\cakephp\src\Http\Runner.php(51): Cake\Http\Runner->__invoke(Object(Zend\Diactoros\ServerRequest), Object(Zend\Diactoros\Response))
#24 C:\xampp\htdocs\SarGlass\vendor\cakephp\cakephp\src\Http\Server.php(90): Cake\Http\Runner->run(Object(Cake\Http\MiddlewareQueue), Object(Zend\Diactoros\ServerRequest), Object(Zend\Diactoros\Response))
#25 C:\xampp\htdocs\SarGlass\webroot\index.php(37): Cake\Http\Server->run()
#26 {main}


2017-01-14 17:03:39 Error: [PDOException] SQLSTATE[42S22]: Column not found: 1054 Unknown column 'Personas.e' in 'field list'
Request URL: /clubs
Stack Trace:
#0 C:\xampp\htdocs\SarGlass\vendor\cakephp\cakephp\src\Database\Statement\MysqlStatement.php(36): PDOStatement->execute(NULL)
#1 C:\xampp\htdocs\SarGlass\vendor\cakephp\cakephp\src\Database\Statement\StatementDecorator.php(172): Cake\Database\Statement\MysqlStatement->execute(NULL)
#2 C:\xampp\htdocs\SarGlass\vendor\cakephp\cakephp\src\Database\Log\LoggingStatement.php(56): Cake\Database\Statement\StatementDecorator->execute(NULL)
#3 C:\xampp\htdocs\SarGlass\vendor\cakephp\cakephp\src\Database\Connection.php(276): Cake\Database\Log\LoggingStatement->execute()
#4 C:\xampp\htdocs\SarGlass\vendor\cakephp\cakephp\src\Database\Query.php(189): Cake\Database\Connection->run(Object(Cake\ORM\Query))
#5 C:\xampp\htdocs\SarGlass\vendor\cakephp\cakephp\src\ORM\Query.php(957): Cake\Database\Query->execute()
#6 C:\xampp\htdocs\SarGlass\vendor\cakephp\cakephp\src\Datasource\QueryTrait.php(276): Cake\ORM\Query->_execute()
#7 C:\xampp\htdocs\SarGlass\vendor\cakephp\cakephp\src\ORM\Query.php(905): Cake\ORM\Query->_all()
#8 C:\xampp\htdocs\SarGlass\vendor\cakephp\cakephp\src\Controller\Component\PaginatorComponent.php(189): Cake\ORM\Query->all()
#9 C:\xampp\htdocs\SarGlass\vendor\cakephp\cakephp\src\Controller\Controller.php(713): Cake\Controller\Component\PaginatorComponent->paginate(Object(App\Model\Table\ClubsTable), Array)
#10 C:\xampp\htdocs\SarGlass\src\Controller\ClubsController.php(24): Cake\Controller\Controller->paginate(Object(App\Model\Table\ClubsTable))
#11 [internal function]: App\Controller\ClubsController->index()
#12 C:\xampp\htdocs\SarGlass\vendor\cakephp\cakephp\src\Controller\Controller.php(435): call_user_func_array(Array, Array)
#13 C:\xampp\htdocs\SarGlass\vendor\cakephp\cakephp\src\Http\ActionDispatcher.php(121): Cake\Controller\Controller->invokeAction()
#14 C:\xampp\htdocs\SarGlass\vendor\cakephp\cakephp\src\Http\ActionDispatcher.php(95): Cake\Http\ActionDispatcher->_invoke(Object(App\Controller\ClubsController))
#15 C:\xampp\htdocs\SarGlass\vendor\cakephp\cakephp\src\Http\BaseApplication.php(83): Cake\Http\ActionDispatcher->dispatch(Object(Cake\Network\Request), Object(Cake\Network\Response))
#16 C:\xampp\htdocs\SarGlass\vendor\cakephp\cakephp\src\Http\Runner.php(65): Cake\Http\BaseApplication->__invoke(Object(Zend\Diactoros\ServerRequest), Object(Zend\Diactoros\Response), Object(Cake\Http\Runner))
#17 C:\xampp\htdocs\SarGlass\vendor\cakephp\cakephp\src\Routing\Middleware\RoutingMiddleware.php(62): Cake\Http\Runner->__invoke(Object(Zend\Diactoros\ServerRequest), Object(Zend\Diactoros\Response))
#18 C:\xampp\htdocs\SarGlass\vendor\cakephp\cakephp\src\Http\Runner.php(65): Cake\Routing\Middleware\RoutingMiddleware->__invoke(Object(Zend\Diactoros\ServerRequest), Object(Zend\Diactoros\Response), Object(Cake\Http\Runner))
#19 C:\xampp\htdocs\SarGlass\vendor\cakephp\cakephp\src\Routing\Middleware\AssetMiddleware.php(88): Cake\Http\Runner->__invoke(Object(Zend\Diactoros\ServerRequest), Object(Zend\Diactoros\Response))
#20 C:\xampp\htdocs\SarGlass\vendor\cakephp\cakephp\src\Http\Runner.php(65): Cake\Routing\Middleware\AssetMiddleware->__invoke(Object(Zend\Diactoros\ServerRequest), Object(Zend\Diactoros\Response), Object(Cake\Http\Runner))
#21 C:\xampp\htdocs\SarGlass\vendor\cakephp\cakephp\src\Error\Middleware\ErrorHandlerMiddleware.php(81): Cake\Http\Runner->__invoke(Object(Zend\Diactoros\ServerRequest), Object(Zend\Diactoros\Response))
#22 C:\xampp\htdocs\SarGlass\vendor\cakephp\cakephp\src\Http\Runner.php(65): Cake\Error\Middleware\ErrorHandlerMiddleware->__invoke(Object(Zend\Diactoros\ServerRequest), Object(Zend\Diactoros\Response), Object(Cake\Http\Runner))
#23 C:\xampp\htdocs\SarGlass\vendor\cakephp\cakephp\src\Http\Runner.php(51): Cake\Http\Runner->__invoke(Object(Zend\Diactoros\ServerRequest), Object(Zend\Diactoros\Response))
#24 C:\xampp\htdocs\SarGlass\vendor\cakephp\cakephp\src\Http\Server.php(90): Cake\Http\Runner->run(Object(Cake\Http\MiddlewareQueue), Object(Zend\Diactoros\ServerRequest), Object(Zend\Diactoros\Response))
#25 C:\xampp\htdocs\SarGlass\webroot\index.php(37): Cake\Http\Server->run()
#26 {main}


2017-01-14 17:03:46 Error: [PDOException] SQLSTATE[42S22]: Column not found: 1054 Unknown column 'Personas.e' in 'field list'
Request URL: /clubs
Stack Trace:
#0 C:\xampp\htdocs\SarGlass\vendor\cakephp\cakephp\src\Database\Statement\MysqlStatement.php(36): PDOStatement->execute(NULL)
#1 C:\xampp\htdocs\SarGlass\vendor\cakephp\cakephp\src\Database\Statement\StatementDecorator.php(172): Cake\Database\Statement\MysqlStatement->execute(NULL)
#2 C:\xampp\htdocs\SarGlass\vendor\cakephp\cakephp\src\Database\Log\LoggingStatement.php(56): Cake\Database\Statement\StatementDecorator->execute(NULL)
#3 C:\xampp\htdocs\SarGlass\vendor\cakephp\cakephp\src\Database\Connection.php(276): Cake\Database\Log\LoggingStatement->execute()
#4 C:\xampp\htdocs\SarGlass\vendor\cakephp\cakephp\src\Database\Query.php(189): Cake\Database\Connection->run(Object(Cake\ORM\Query))
#5 C:\xampp\htdocs\SarGlass\vendor\cakephp\cakephp\src\ORM\Query.php(957): Cake\Database\Query->execute()
#6 C:\xampp\htdocs\SarGlass\vendor\cakephp\cakephp\src\Datasource\QueryTrait.php(276): Cake\ORM\Query->_execute()
#7 C:\xampp\htdocs\SarGlass\vendor\cakephp\cakephp\src\ORM\Query.php(905): Cake\ORM\Query->_all()
#8 C:\xampp\htdocs\SarGlass\vendor\cakephp\cakephp\src\Controller\Component\PaginatorComponent.php(189): Cake\ORM\Query->all()
#9 C:\xampp\htdocs\SarGlass\vendor\cakephp\cakephp\src\Controller\Controller.php(713): Cake\Controller\Component\PaginatorComponent->paginate(Object(App\Model\Table\ClubsTable), Array)
#10 C:\xampp\htdocs\SarGlass\src\Controller\ClubsController.php(24): Cake\Controller\Controller->paginate(Object(App\Model\Table\ClubsTable))
#11 [internal function]: App\Controller\ClubsController->index()
#12 C:\xampp\htdocs\SarGlass\vendor\cakephp\cakephp\src\Controller\Controller.php(435): call_user_func_array(Array, Array)
#13 C:\xampp\htdocs\SarGlass\vendor\cakephp\cakephp\src\Http\ActionDispatcher.php(121): Cake\Controller\Controller->invokeAction()
#14 C:\xampp\htdocs\SarGlass\vendor\cakephp\cakephp\src\Http\ActionDispatcher.php(95): Cake\Http\ActionDispatcher->_invoke(Object(App\Controller\ClubsController))
#15 C:\xampp\htdocs\SarGlass\vendor\cakephp\cakephp\src\Http\BaseApplication.php(83): Cake\Http\ActionDispatcher->dispatch(Object(Cake\Network\Request), Object(Cake\Network\Response))
#16 C:\xampp\htdocs\SarGlass\vendor\cakephp\cakephp\src\Http\Runner.php(65): Cake\Http\BaseApplication->__invoke(Object(Zend\Diactoros\ServerRequest), Object(Zend\Diactoros\Response), Object(Cake\Http\Runner))
#17 C:\xampp\htdocs\SarGlass\vendor\cakephp\cakephp\src\Routing\Middleware\RoutingMiddleware.php(62): Cake\Http\Runner->__invoke(Object(Zend\Diactoros\ServerRequest), Object(Zend\Diactoros\Response))
#18 C:\xampp\htdocs\SarGlass\vendor\cakephp\cakephp\src\Http\Runner.php(65): Cake\Routing\Middleware\RoutingMiddleware->__invoke(Object(Zend\Diactoros\ServerRequest), Object(Zend\Diactoros\Response), Object(Cake\Http\Runner))
#19 C:\xampp\htdocs\SarGlass\vendor\cakephp\cakephp\src\Routing\Middleware\AssetMiddleware.php(88): Cake\Http\Runner->__invoke(Object(Zend\Diactoros\ServerRequest), Object(Zend\Diactoros\Response))
#20 C:\xampp\htdocs\SarGlass\vendor\cakephp\cakephp\src\Http\Runner.php(65): Cake\Routing\Middleware\AssetMiddleware->__invoke(Object(Zend\Diactoros\ServerRequest), Object(Zend\Diactoros\Response), Object(Cake\Http\Runner))
#21 C:\xampp\htdocs\SarGlass\vendor\cakephp\cakephp\src\Error\Middleware\ErrorHandlerMiddleware.php(81): Cake\Http\Runner->__invoke(Object(Zend\Diactoros\ServerRequest), Object(Zend\Diactoros\Response))
#22 C:\xampp\htdocs\SarGlass\vendor\cakephp\cakephp\src\Http\Runner.php(65): Cake\Error\Middleware\ErrorHandlerMiddleware->__invoke(Object(Zend\Diactoros\ServerRequest), Object(Zend\Diactoros\Response), Object(Cake\Http\Runner))
#23 C:\xampp\htdocs\SarGlass\vendor\cakephp\cakephp\src\Http\Runner.php(51): Cake\Http\Runner->__invoke(Object(Zend\Diactoros\ServerRequest), Object(Zend\Diactoros\Response))
#24 C:\xampp\htdocs\SarGlass\vendor\cakephp\cakephp\src\Http\Server.php(90): Cake\Http\Runner->run(Object(Cake\Http\MiddlewareQueue), Object(Zend\Diactoros\ServerRequest), Object(Zend\Diactoros\Response))
#25 C:\xampp\htdocs\SarGlass\webroot\index.php(37): Cake\Http\Server->run()
#26 {main}


2017-01-14 19:59:55 Error: [ParseError] syntax error, unexpected '?>', expecting ',' or ')'
Request URL: /SarGlass/clubsvoluntarios
Referer URL: http://localhost/SarGlass/clubsvoluntarios/add
Stack Trace:
#0 C:\xampp\htdocs\SarGlass\vendor\cakephp\cakephp\src\View\View.php(973): Cake\View\View->_evaluate('C:\\xampp\\htdocs...', Array)
#1 C:\xampp\htdocs\SarGlass\vendor\cakephp\cakephp\src\View\View.php(597): Cake\View\View->_render('C:\\xampp\\htdocs...')
#2 C:\xampp\htdocs\SarGlass\vendor\cakephp\cakephp\src\Controller\Controller.php(617): Cake\View\View->render(NULL, NULL)
#3 C:\xampp\htdocs\SarGlass\vendor\cakephp\cakephp\src\Http\ActionDispatcher.php(127): Cake\Controller\Controller->render()
#4 C:\xampp\htdocs\SarGlass\vendor\cakephp\cakephp\src\Http\ActionDispatcher.php(95): Cake\Http\ActionDispatcher->_invoke(Object(App\Controller\ClubsvoluntariosController))
#5 C:\xampp\htdocs\SarGlass\vendor\cakephp\cakephp\src\Http\BaseApplication.php(83): Cake\Http\ActionDispatcher->dispatch(Object(Cake\Network\Request), Object(Cake\Network\Response))
#6 C:\xampp\htdocs\SarGlass\vendor\cakephp\cakephp\src\Http\Runner.php(65): Cake\Http\BaseApplication->__invoke(Object(Zend\Diactoros\ServerRequest), Object(Zend\Diactoros\Response), Object(Cake\Http\Runner))
#7 C:\xampp\htdocs\SarGlass\vendor\cakephp\cakephp\src\Routing\Middleware\RoutingMiddleware.php(62): Cake\Http\Runner->__invoke(Object(Zend\Diactoros\ServerRequest), Object(Zend\Diactoros\Response))
#8 C:\xampp\htdocs\SarGlass\vendor\cakephp\cakephp\src\Http\Runner.php(65): Cake\Routing\Middleware\RoutingMiddleware->__invoke(Object(Zend\Diactoros\ServerRequest), Object(Zend\Diactoros\Response), Object(Cake\Http\Runner))
#9 C:\xampp\htdocs\SarGlass\vendor\cakephp\cakephp\src\Routing\Middleware\AssetMiddleware.php(88): Cake\Http\Runner->__invoke(Object(Zend\Diactoros\ServerRequest), Object(Zend\Diactoros\Response))
#10 C:\xampp\htdocs\SarGlass\vendor\cakephp\cakephp\src\Http\Runner.php(65): Cake\Routing\Middleware\AssetMiddleware->__invoke(Object(Zend\Diactoros\ServerRequest), Object(Zend\Diactoros\Response), Object(Cake\Http\Runner))
#11 C:\xampp\htdocs\SarGlass\vendor\cakephp\cakephp\src\Error\Middleware\ErrorHandlerMiddleware.php(81): Cake\Http\Runner->__invoke(Object(Zend\Diactoros\ServerRequest), Object(Zend\Diactoros\Response))
#12 C:\xampp\htdocs\SarGlass\vendor\cakephp\cakephp\src\Http\Runner.php(65): Cake\Error\Middleware\ErrorHandlerMiddleware->__invoke(Object(Zend\Diactoros\ServerRequest), Object(Zend\Diactoros\Response), Object(Cake\Http\Runner))
#13 C:\xampp\htdocs\SarGlass\vendor\cakephp\cakephp\src\Http\Runner.php(51): Cake\Http\Runner->__invoke(Object(Zend\Diactoros\ServerRequest), Object(Zend\Diactoros\Response))
#14 C:\xampp\htdocs\SarGlass\vendor\cakephp\cakephp\src\Http\Server.php(90): Cake\Http\Runner->run(Object(Cake\Http\MiddlewareQueue), Object(Zend\Diactoros\ServerRequest), Object(Zend\Diactoros\Response))
#15 C:\xampp\htdocs\SarGlass\webroot\index.php(37): Cake\Http\Server->run()
#16 {main}


2017-01-14 20:10:51 Error: [PDOException] SQLSTATE[42S22]: Column not found: 1054 Unknown column 'Colegios.e' in 'field list'
Request URL: /colegios
Stack Trace:
#0 C:\xampp\htdocs\SarGlass\vendor\cakephp\cakephp\src\Database\Statement\MysqlStatement.php(36): PDOStatement->execute(NULL)
#1 C:\xampp\htdocs\SarGlass\vendor\cakephp\cakephp\src\Database\Statement\StatementDecorator.php(172): Cake\Database\Statement\MysqlStatement->execute(NULL)
#2 C:\xampp\htdocs\SarGlass\vendor\cakephp\cakephp\src\Database\Log\LoggingStatement.php(56): Cake\Database\Statement\StatementDecorator->execute(NULL)
#3 C:\xampp\htdocs\SarGlass\vendor\cakephp\cakephp\src\Database\Connection.php(276): Cake\Database\Log\LoggingStatement->execute()
#4 C:\xampp\htdocs\SarGlass\vendor\cakephp\cakephp\src\Database\Query.php(189): Cake\Database\Connection->run(Object(Cake\ORM\Query))
#5 C:\xampp\htdocs\SarGlass\vendor\cakephp\cakephp\src\ORM\Query.php(957): Cake\Database\Query->execute()
#6 C:\xampp\htdocs\SarGlass\vendor\cakephp\cakephp\src\Datasource\QueryTrait.php(276): Cake\ORM\Query->_execute()
#7 C:\xampp\htdocs\SarGlass\vendor\cakephp\cakephp\src\ORM\Query.php(905): Cake\ORM\Query->_all()
#8 C:\xampp\htdocs\SarGlass\vendor\cakephp\cakephp\src\Controller\Component\PaginatorComponent.php(189): Cake\ORM\Query->all()
#9 C:\xampp\htdocs\SarGlass\vendor\cakephp\cakephp\src\Controller\Controller.php(713): Cake\Controller\Component\PaginatorComponent->paginate(Object(App\Model\Table\ColegiosTable), Array)
#10 C:\xampp\htdocs\SarGlass\src\Controller\ColegiosController.php(21): Cake\Controller\Controller->paginate(Object(App\Model\Table\ColegiosTable))
#11 [internal function]: App\Controller\ColegiosController->index()
#12 C:\xampp\htdocs\SarGlass\vendor\cakephp\cakephp\src\Controller\Controller.php(435): call_user_func_array(Array, Array)
#13 C:\xampp\htdocs\SarGlass\vendor\cakephp\cakephp\src\Http\ActionDispatcher.php(121): Cake\Controller\Controller->invokeAction()
#14 C:\xampp\htdocs\SarGlass\vendor\cakephp\cakephp\src\Http\ActionDispatcher.php(95): Cake\Http\ActionDispatcher->_invoke(Object(App\Controller\ColegiosController))
#15 C:\xampp\htdocs\SarGlass\vendor\cakephp\cakephp\src\Http\BaseApplication.php(83): Cake\Http\ActionDispatcher->dispatch(Object(Cake\Network\Request), Object(Cake\Network\Response))
#16 C:\xampp\htdocs\SarGlass\vendor\cakephp\cakephp\src\Http\Runner.php(65): Cake\Http\BaseApplication->__invoke(Object(Zend\Diactoros\ServerRequest), Object(Zend\Diactoros\Response), Object(Cake\Http\Runner))
#17 C:\xampp\htdocs\SarGlass\vendor\cakephp\cakephp\src\Routing\Middleware\RoutingMiddleware.php(62): Cake\Http\Runner->__invoke(Object(Zend\Diactoros\ServerRequest), Object(Zend\Diactoros\Response))
#18 C:\xampp\htdocs\SarGlass\vendor\cakephp\cakephp\src\Http\Runner.php(65): Cake\Routing\Middleware\RoutingMiddleware->__invoke(Object(Zend\Diactoros\ServerRequest), Object(Zend\Diactoros\Response), Object(Cake\Http\Runner))
#19 C:\xampp\htdocs\SarGlass\vendor\cakephp\cakephp\src\Routing\Middleware\AssetMiddleware.php(88): Cake\Http\Runner->__invoke(Object(Zend\Diactoros\ServerRequest), Object(Zend\Diactoros\Response))
#20 C:\xampp\htdocs\SarGlass\vendor\cakephp\cakephp\src\Http\Runner.php(65): Cake\Routing\Middleware\AssetMiddleware->__invoke(Object(Zend\Diactoros\ServerRequest), Object(Zend\Diactoros\Response), Object(Cake\Http\Runner))
#21 C:\xampp\htdocs\SarGlass\vendor\cakephp\cakephp\src\Error\Middleware\ErrorHandlerMiddleware.php(81): Cake\Http\Runner->__invoke(Object(Zend\Diactoros\ServerRequest), Object(Zend\Diactoros\Response))
#22 C:\xampp\htdocs\SarGlass\vendor\cakephp\cakephp\src\Http\Runner.php(65): Cake\Error\Middleware\ErrorHandlerMiddleware->__invoke(Object(Zend\Diactoros\ServerRequest), Object(Zend\Diactoros\Response), Object(Cake\Http\Runner))
#23 C:\xampp\htdocs\SarGlass\vendor\cakephp\cakephp\src\Http\Runner.php(51): Cake\Http\Runner->__invoke(Object(Zend\Diactoros\ServerRequest), Object(Zend\Diactoros\Response))
#24 C:\xampp\htdocs\SarGlass\vendor\cakephp\cakephp\src\Http\Server.php(90): Cake\Http\Runner->run(Object(Cake\Http\MiddlewareQueue), Object(Zend\Diactoros\ServerRequest), Object(Zend\Diactoros\Response))
#25 C:\xampp\htdocs\SarGlass\webroot\index.php(37): Cake\Http\Server->run()
#26 {main}


2017-01-16 06:54:37 Error: [Cake\Controller\Exception\MissingActionException] Action PasantesController::home() could not be found, or is not accessible.
Exception Attributes: array (
  'controller' => 'PasantesController',
  'action' => 'home',
  'prefix' => '',
  'plugin' => NULL,
)
Request URL: /pasantes/home
Referer URL: http://localhost/SarGlass/pasantes
Stack Trace:
#0 C:\xampp\htdocs\SarGlass\vendor\cakephp\cakephp\src\Http\ActionDispatcher.php(121): Cake\Controller\Controller->invokeAction()
#1 C:\xampp\htdocs\SarGlass\vendor\cakephp\cakephp\src\Http\ActionDispatcher.php(95): Cake\Http\ActionDispatcher->_invoke(Object(App\Controller\PasantesController))
#2 C:\xampp\htdocs\SarGlass\vendor\cakephp\cakephp\src\Http\BaseApplication.php(83): Cake\Http\ActionDispatcher->dispatch(Object(Cake\Network\Request), Object(Cake\Network\Response))
#3 C:\xampp\htdocs\SarGlass\vendor\cakephp\cakephp\src\Http\Runner.php(65): Cake\Http\BaseApplication->__invoke(Object(Zend\Diactoros\ServerRequest), Object(Zend\Diactoros\Response), Object(Cake\Http\Runner))
#4 C:\xampp\htdocs\SarGlass\vendor\cakephp\cakephp\src\Routing\Middleware\RoutingMiddleware.php(62): Cake\Http\Runner->__invoke(Object(Zend\Diactoros\ServerRequest), Object(Zend\Diactoros\Response))
#5 C:\xampp\htdocs\SarGlass\vendor\cakephp\cakephp\src\Http\Runner.php(65): Cake\Routing\Middleware\RoutingMiddleware->__invoke(Object(Zend\Diactoros\ServerRequest), Object(Zend\Diactoros\Response), Object(Cake\Http\Runner))
#6 C:\xampp\htdocs\SarGlass\vendor\cakephp\cakephp\src\Routing\Middleware\AssetMiddleware.php(88): Cake\Http\Runner->__invoke(Object(Zend\Diactoros\ServerRequest), Object(Zend\Diactoros\Response))
#7 C:\xampp\htdocs\SarGlass\vendor\cakephp\cakephp\src\Http\Runner.php(65): Cake\Routing\Middleware\AssetMiddleware->__invoke(Object(Zend\Diactoros\ServerRequest), Object(Zend\Diactoros\Response), Object(Cake\Http\Runner))
#8 C:\xampp\htdocs\SarGlass\vendor\cakephp\cakephp\src\Error\Middleware\ErrorHandlerMiddleware.php(81): Cake\Http\Runner->__invoke(Object(Zend\Diactoros\ServerRequest), Object(Zend\Diactoros\Response))
#9 C:\xampp\htdocs\SarGlass\vendor\cakephp\cakephp\src\Http\Runner.php(65): Cake\Error\Middleware\ErrorHandlerMiddleware->__invoke(Object(Zend\Diactoros\ServerRequest), Object(Zend\Diactoros\Response), Object(Cake\Http\Runner))
#10 C:\xampp\htdocs\SarGlass\vendor\cakephp\cakephp\src\Http\Runner.php(51): Cake\Http\Runner->__invoke(Object(Zend\Diactoros\ServerRequest), Object(Zend\Diactoros\Response))
#11 C:\xampp\htdocs\SarGlass\vendor\cakephp\cakephp\src\Http\Server.php(90): Cake\Http\Runner->run(Object(Cake\Http\MiddlewareQueue), Object(Zend\Diactoros\ServerRequest), Object(Zend\Diactoros\Response))
#12 C:\xampp\htdocs\SarGlass\webroot\index.php(37): Cake\Http\Server->run()
#13 {main}


2017-01-16 06:55:48 Error: [Cake\Controller\Exception\MissingActionException] Action PasantesController::home() could not be found, or is not accessible.
Exception Attributes: array (
  'controller' => 'PasantesController',
  'action' => 'home',
  'prefix' => '',
  'plugin' => NULL,
)
Request URL: /pasantes/home
Referer URL: http://localhost/SarGlass/pasantes
Stack Trace:
#0 C:\xampp\htdocs\SarGlass\vendor\cakephp\cakephp\src\Http\ActionDispatcher.php(121): Cake\Controller\Controller->invokeAction()
#1 C:\xampp\htdocs\SarGlass\vendor\cakephp\cakephp\src\Http\ActionDispatcher.php(95): Cake\Http\ActionDispatcher->_invoke(Object(App\Controller\PasantesController))
#2 C:\xampp\htdocs\SarGlass\vendor\cakephp\cakephp\src\Http\BaseApplication.php(83): Cake\Http\ActionDispatcher->dispatch(Object(Cake\Network\Request), Object(Cake\Network\Response))
#3 C:\xampp\htdocs\SarGlass\vendor\cakephp\cakephp\src\Http\Runner.php(65): Cake\Http\BaseApplication->__invoke(Object(Zend\Diactoros\ServerRequest), Object(Zend\Diactoros\Response), Object(Cake\Http\Runner))
#4 C:\xampp\htdocs\SarGlass\vendor\cakephp\cakephp\src\Routing\Middleware\RoutingMiddleware.php(62): Cake\Http\Runner->__invoke(Object(Zend\Diactoros\ServerRequest), Object(Zend\Diactoros\Response))
#5 C:\xampp\htdocs\SarGlass\vendor\cakephp\cakephp\src\Http\Runner.php(65): Cake\Routing\Middleware\RoutingMiddleware->__invoke(Object(Zend\Diactoros\ServerRequest), Object(Zend\Diactoros\Response), Object(Cake\Http\Runner))
#6 C:\xampp\htdocs\SarGlass\vendor\cakephp\cakephp\src\Routing\Middleware\AssetMiddleware.php(88): Cake\Http\Runner->__invoke(Object(Zend\Diactoros\ServerRequest), Object(Zend\Diactoros\Response))
#7 C:\xampp\htdocs\SarGlass\vendor\cakephp\cakephp\src\Http\Runner.php(65): Cake\Routing\Middleware\AssetMiddleware->__invoke(Object(Zend\Diactoros\ServerRequest), Object(Zend\Diactoros\Response), Object(Cake\Http\Runner))
#8 C:\xampp\htdocs\SarGlass\vendor\cakephp\cakephp\src\Error\Middleware\ErrorHandlerMiddleware.php(81): Cake\Http\Runner->__invoke(Object(Zend\Diactoros\ServerRequest), Object(Zend\Diactoros\Response))
#9 C:\xampp\htdocs\SarGlass\vendor\cakephp\cakephp\src\Http\Runner.php(65): Cake\Error\Middleware\ErrorHandlerMiddleware->__invoke(Object(Zend\Diactoros\ServerRequest), Object(Zend\Diactoros\Response), Object(Cake\Http\Runner))
#10 C:\xampp\htdocs\SarGlass\vendor\cakephp\cakephp\src\Http\Runner.php(51): Cake\Http\Runner->__invoke(Object(Zend\Diactoros\ServerRequest), Object(Zend\Diactoros\Response))
#11 C:\xampp\htdocs\SarGlass\vendor\cakephp\cakephp\src\Http\Server.php(90): Cake\Http\Runner->run(Object(Cake\Http\MiddlewareQueue), Object(Zend\Diactoros\ServerRequest), Object(Zend\Diactoros\Response))
#12 C:\xampp\htdocs\SarGlass\webroot\index.php(37): Cake\Http\Server->run()
#13 {main}


2017-01-17 17:39:43 Error: [Cake\Routing\Exception\MissingControllerException] Controller class Periodosdeactividad could not be found.
Exception Attributes: array (
  'class' => 'Periodosdeactividad',
  'plugin' => false,
  'prefix' => false,
  '_ext' => false,
)
Request URL: /periodosdeactividad
Stack Trace:
#0 C:\xampp\htdocs\SarGlass\vendor\cakephp\cakephp\src\Http\ControllerFactory.php(72): Cake\Http\ControllerFactory->missingController(Object(Cake\Network\Request))
#1 C:\xampp\htdocs\SarGlass\vendor\cakephp\cakephp\src\Http\ActionDispatcher.php(92): Cake\Http\ControllerFactory->create(Object(Cake\Network\Request), Object(Cake\Network\Response))
#2 C:\xampp\htdocs\SarGlass\vendor\cakephp\cakephp\src\Http\BaseApplication.php(83): Cake\Http\ActionDispatcher->dispatch(Object(Cake\Network\Request), Object(Cake\Network\Response))
#3 C:\xampp\htdocs\SarGlass\vendor\cakephp\cakephp\src\Http\Runner.php(65): Cake\Http\BaseApplication->__invoke(Object(Zend\Diactoros\ServerRequest), Object(Zend\Diactoros\Response), Object(Cake\Http\Runner))
#4 C:\xampp\htdocs\SarGlass\vendor\cakephp\cakephp\src\Routing\Middleware\RoutingMiddleware.php(62): Cake\Http\Runner->__invoke(Object(Zend\Diactoros\ServerRequest), Object(Zend\Diactoros\Response))
#5 C:\xampp\htdocs\SarGlass\vendor\cakephp\cakephp\src\Http\Runner.php(65): Cake\Routing\Middleware\RoutingMiddleware->__invoke(Object(Zend\Diactoros\ServerRequest), Object(Zend\Diactoros\Response), Object(Cake\Http\Runner))
#6 C:\xampp\htdocs\SarGlass\vendor\cakephp\cakephp\src\Routing\Middleware\AssetMiddleware.php(88): Cake\Http\Runner->__invoke(Object(Zend\Diactoros\ServerRequest), Object(Zend\Diactoros\Response))
#7 C:\xampp\htdocs\SarGlass\vendor\cakephp\cakephp\src\Http\Runner.php(65): Cake\Routing\Middleware\AssetMiddleware->__invoke(Object(Zend\Diactoros\ServerRequest), Object(Zend\Diactoros\Response), Object(Cake\Http\Runner))
#8 C:\xampp\htdocs\SarGlass\vendor\cakephp\cakephp\src\Error\Middleware\ErrorHandlerMiddleware.php(81): Cake\Http\Runner->__invoke(Object(Zend\Diactoros\ServerRequest), Object(Zend\Diactoros\Response))
#9 C:\xampp\htdocs\SarGlass\vendor\cakephp\cakephp\src\Http\Runner.php(65): Cake\Error\Middleware\ErrorHandlerMiddleware->__invoke(Object(Zend\Diactoros\ServerRequest), Object(Zend\Diactoros\Response), Object(Cake\Http\Runner))
#10 C:\xampp\htdocs\SarGlass\vendor\cakephp\cakephp\src\Http\Runner.php(51): Cake\Http\Runner->__invoke(Object(Zend\Diactoros\ServerRequest), Object(Zend\Diactoros\Response))
#11 C:\xampp\htdocs\SarGlass\vendor\cakephp\cakephp\src\Http\Server.php(90): Cake\Http\Runner->run(Object(Cake\Http\MiddlewareQueue), Object(Zend\Diactoros\ServerRequest), Object(Zend\Diactoros\Response))
#12 C:\xampp\htdocs\SarGlass\webroot\index.php(37): Cake\Http\Server->run()
#13 {main}


2017-01-18 04:33:21 Error: [PDOException] SQLSTATE[42000]: Syntax error or access violation: 1066 Not unique table/alias: 'Voluntarios'
Request URL: /voluntarios
Stack Trace:
#0 C:\xampp\htdocs\SarGlass\vendor\cakephp\cakephp\src\Database\Statement\MysqlStatement.php(36): PDOStatement->execute(NULL)
#1 C:\xampp\htdocs\SarGlass\vendor\cakephp\cakephp\src\Database\Statement\StatementDecorator.php(172): Cake\Database\Statement\MysqlStatement->execute(NULL)
#2 C:\xampp\htdocs\SarGlass\vendor\cakephp\cakephp\src\Database\Log\LoggingStatement.php(56): Cake\Database\Statement\StatementDecorator->execute(NULL)
#3 C:\xampp\htdocs\SarGlass\vendor\cakephp\cakephp\src\Database\Connection.php(276): Cake\Database\Log\LoggingStatement->execute()
#4 C:\xampp\htdocs\SarGlass\vendor\cakephp\cakephp\src\Database\Query.php(189): Cake\Database\Connection->run(Object(Cake\ORM\Query))
#5 C:\xampp\htdocs\SarGlass\vendor\cakephp\cakephp\src\ORM\Query.php(957): Cake\Database\Query->execute()
#6 C:\xampp\htdocs\SarGlass\vendor\cakephp\cakephp\src\Datasource\QueryTrait.php(276): Cake\ORM\Query->_execute()
#7 C:\xampp\htdocs\SarGlass\vendor\cakephp\cakephp\src\ORM\Query.php(905): Cake\ORM\Query->_all()
#8 C:\xampp\htdocs\SarGlass\vendor\cakephp\cakephp\src\Controller\Component\PaginatorComponent.php(189): Cake\ORM\Query->all()
#9 C:\xampp\htdocs\SarGlass\vendor\cakephp\cakephp\src\Controller\Controller.php(713): Cake\Controller\Component\PaginatorComponent->paginate(Object(App\Model\Table\VoluntariosTable), Array)
#10 C:\xampp\htdocs\SarGlass\src\Controller\VoluntariosController.php(24): Cake\Controller\Controller->paginate(Object(App\Model\Table\VoluntariosTable))
#11 [internal function]: App\Controller\VoluntariosController->index()
#12 C:\xampp\htdocs\SarGlass\vendor\cakephp\cakephp\src\Controller\Controller.php(435): call_user_func_array(Array, Array)
#13 C:\xampp\htdocs\SarGlass\vendor\cakephp\cakephp\src\Http\ActionDispatcher.php(121): Cake\Controller\Controller->invokeAction()
#14 C:\xampp\htdocs\SarGlass\vendor\cakephp\cakephp\src\Http\ActionDispatcher.php(95): Cake\Http\ActionDispatcher->_invoke(Object(App\Controller\VoluntariosController))
#15 C:\xampp\htdocs\SarGlass\vendor\cakephp\cakephp\src\Http\BaseApplication.php(83): Cake\Http\ActionDispatcher->dispatch(Object(Cake\Network\Request), Object(Cake\Network\Response))
#16 C:\xampp\htdocs\SarGlass\vendor\cakephp\cakephp\src\Http\Runner.php(65): Cake\Http\BaseApplication->__invoke(Object(Zend\Diactoros\ServerRequest), Object(Zend\Diactoros\Response), Object(Cake\Http\Runner))
#17 C:\xampp\htdocs\SarGlass\vendor\cakephp\cakephp\src\Routing\Middleware\RoutingMiddleware.php(62): Cake\Http\Runner->__invoke(Object(Zend\Diactoros\ServerRequest), Object(Zend\Diactoros\Response))
#18 C:\xampp\htdocs\SarGlass\vendor\cakephp\cakephp\src\Http\Runner.php(65): Cake\Routing\Middleware\RoutingMiddleware->__invoke(Object(Zend\Diactoros\ServerRequest), Object(Zend\Diactoros\Response), Object(Cake\Http\Runner))
#19 C:\xampp\htdocs\SarGlass\vendor\cakephp\cakephp\src\Routing\Middleware\AssetMiddleware.php(88): Cake\Http\Runner->__invoke(Object(Zend\Diactoros\ServerRequest), Object(Zend\Diactoros\Response))
#20 C:\xampp\htdocs\SarGlass\vendor\cakephp\cakephp\src\Http\Runner.php(65): Cake\Routing\Middleware\AssetMiddleware->__invoke(Object(Zend\Diactoros\ServerRequest), Object(Zend\Diactoros\Response), Object(Cake\Http\Runner))
#21 C:\xampp\htdocs\SarGlass\vendor\cakephp\cakephp\src\Error\Middleware\ErrorHandlerMiddleware.php(81): Cake\Http\Runner->__invoke(Object(Zend\Diactoros\ServerRequest), Object(Zend\Diactoros\Response))
#22 C:\xampp\htdocs\SarGlass\vendor\cakephp\cakephp\src\Http\Runner.php(65): Cake\Error\Middleware\ErrorHandlerMiddleware->__invoke(Object(Zend\Diactoros\ServerRequest), Object(Zend\Diactoros\Response), Object(Cake\Http\Runner))
#23 C:\xampp\htdocs\SarGlass\vendor\cakephp\cakephp\src\Http\Runner.php(51): Cake\Http\Runner->__invoke(Object(Zend\Diactoros\ServerRequest), Object(Zend\Diactoros\Response))
#24 C:\xampp\htdocs\SarGlass\vendor\cakephp\cakephp\src\Http\Server.php(90): Cake\Http\Runner->run(Object(Cake\Http\MiddlewareQueue), Object(Zend\Diactoros\ServerRequest), Object(Zend\Diactoros\Response))
#25 C:\xampp\htdocs\SarGlass\webroot\index.php(37): Cake\Http\Server->run()
#26 {main}


2017-01-18 04:35:26 Error: [InvalidArgumentException] Voluntarios is not associated with Voluntarios
Request URL: /voluntarios
Stack Trace:
#0 C:\xampp\htdocs\SarGlass\vendor\cakephp\cakephp\src\ORM\EagerLoader.php(256): Cake\ORM\EagerLoader->_normalizeContain(Object(App\Model\Table\VoluntariosTable), 'Voluntarios', Array, Array)
#1 C:\xampp\htdocs\SarGlass\vendor\cakephp\cakephp\src\ORM\EagerLoader.php(382): Cake\ORM\EagerLoader->normalized(Object(App\Model\Table\VoluntariosTable))
#2 C:\xampp\htdocs\SarGlass\vendor\cakephp\cakephp\src\ORM\EagerLoader.php(353): Cake\ORM\EagerLoader->attachableAssociations(Object(App\Model\Table\VoluntariosTable))
#3 C:\xampp\htdocs\SarGlass\vendor\cakephp\cakephp\src\ORM\Query.php(984): Cake\ORM\EagerLoader->attachAssociations(Object(Cake\ORM\Query), Object(App\Model\Table\VoluntariosTable), true)
#4 C:\xampp\htdocs\SarGlass\vendor\cakephp\cakephp\src\ORM\Query.php(935): Cake\ORM\Query->_transformQuery()
#5 C:\xampp\htdocs\SarGlass\vendor\cakephp\cakephp\src\Database\Driver\Mysql.php(136): Cake\ORM\Query->sql()
#6 C:\xampp\htdocs\SarGlass\vendor\cakephp\cakephp\src\Database\Connection.php(221): Cake\Database\Driver\Mysql->prepare(Object(Cake\ORM\Query))
#7 C:\xampp\htdocs\SarGlass\vendor\cakephp\cakephp\src\Database\Connection.php(274): Cake\Database\Connection->prepare(Object(Cake\ORM\Query))
#8 C:\xampp\htdocs\SarGlass\vendor\cakephp\cakephp\src\Database\Query.php(189): Cake\Database\Connection->run(Object(Cake\ORM\Query))
#9 C:\xampp\htdocs\SarGlass\vendor\cakephp\cakephp\src\ORM\Query.php(957): Cake\Database\Query->execute()
#10 C:\xampp\htdocs\SarGlass\vendor\cakephp\cakephp\src\Datasource\QueryTrait.php(276): Cake\ORM\Query->_execute()
#11 C:\xampp\htdocs\SarGlass\vendor\cakephp\cakephp\src\ORM\Query.php(905): Cake\ORM\Query->_all()
#12 C:\xampp\htdocs\SarGlass\vendor\cakephp\cakephp\src\Controller\Component\PaginatorComponent.php(189): Cake\ORM\Query->all()
#13 C:\xampp\htdocs\SarGlass\vendor\cakephp\cakephp\src\Controller\Controller.php(713): Cake\Controller\Component\PaginatorComponent->paginate(Object(App\Model\Table\VoluntariosTable), Array)
#14 C:\xampp\htdocs\SarGlass\src\Controller\VoluntariosController.php(24): Cake\Controller\Controller->paginate(Object(App\Model\Table\VoluntariosTable))
#15 [internal function]: App\Controller\VoluntariosController->index()
#16 C:\xampp\htdocs\SarGlass\vendor\cakephp\cakephp\src\Controller\Controller.php(435): call_user_func_array(Array, Array)
#17 C:\xampp\htdocs\SarGlass\vendor\cakephp\cakephp\src\Http\ActionDispatcher.php(121): Cake\Controller\Controller->invokeAction()
#18 C:\xampp\htdocs\SarGlass\vendor\cakephp\cakephp\src\Http\ActionDispatcher.php(95): Cake\Http\ActionDispatcher->_invoke(Object(App\Controller\VoluntariosController))
#19 C:\xampp\htdocs\SarGlass\vendor\cakephp\cakephp\src\Http\BaseApplication.php(83): Cake\Http\ActionDispatcher->dispatch(Object(Cake\Network\Request), Object(Cake\Network\Response))
#20 C:\xampp\htdocs\SarGlass\vendor\cakephp\cakephp\src\Http\Runner.php(65): Cake\Http\BaseApplication->__invoke(Object(Zend\Diactoros\ServerRequest), Object(Zend\Diactoros\Response), Object(Cake\Http\Runner))
#21 C:\xampp\htdocs\SarGlass\vendor\cakephp\cakephp\src\Routing\Middleware\RoutingMiddleware.php(62): Cake\Http\Runner->__invoke(Object(Zend\Diactoros\ServerRequest), Object(Zend\Diactoros\Response))
#22 C:\xampp\htdocs\SarGlass\vendor\cakephp\cakephp\src\Http\Runner.php(65): Cake\Routing\Middleware\RoutingMiddleware->__invoke(Object(Zend\Diactoros\ServerRequest), Object(Zend\Diactoros\Response), Object(Cake\Http\Runner))
#23 C:\xampp\htdocs\SarGlass\vendor\cakephp\cakephp\src\Routing\Middleware\AssetMiddleware.php(88): Cake\Http\Runner->__invoke(Object(Zend\Diactoros\ServerRequest), Object(Zend\Diactoros\Response))
#24 C:\xampp\htdocs\SarGlass\vendor\cakephp\cakephp\src\Http\Runner.php(65): Cake\Routing\Middleware\AssetMiddleware->__invoke(Object(Zend\Diactoros\ServerRequest), Object(Zend\Diactoros\Response), Object(Cake\Http\Runner))
#25 C:\xampp\htdocs\SarGlass\vendor\cakephp\cakephp\src\Error\Middleware\ErrorHandlerMiddleware.php(81): Cake\Http\Runner->__invoke(Object(Zend\Diactoros\ServerRequest), Object(Zend\Diactoros\Response))
#26 C:\xampp\htdocs\SarGlass\vendor\cakephp\cakephp\src\Http\Runner.php(65): Cake\Error\Middleware\ErrorHandlerMiddleware->__invoke(Object(Zend\Diactoros\ServerRequest), Object(Zend\Diactoros\Response), Object(Cake\Http\Runner))
#27 C:\xampp\htdocs\SarGlass\vendor\cakephp\cakephp\src\Http\Runner.php(51): Cake\Http\Runner->__invoke(Object(Zend\Diactoros\ServerRequest), Object(Zend\Diactoros\Response))
#28 C:\xampp\htdocs\SarGlass\vendor\cakephp\cakephp\src\Http\Server.php(90): Cake\Http\Runner->run(Object(Cake\Http\MiddlewareQueue), Object(Zend\Diactoros\ServerRequest), Object(Zend\Diactoros\Response))
#29 C:\xampp\htdocs\SarGlass\webroot\index.php(37): Cake\Http\Server->run()
#30 {main}


2017-01-18 05:49:33 Error: [Cake\Routing\Exception\MissingControllerException] Controller class Css could not be found.
Exception Attributes: array (
  'class' => 'Css',
  'plugin' => false,
  'prefix' => false,
  '_ext' => false,
)
Request URL: /css/bake.css
Referer URL: http://localhost/SarGlass/colegios
Stack Trace:
#0 C:\xampp\htdocs\SarGlass\vendor\cakephp\cakephp\src\Http\ControllerFactory.php(72): Cake\Http\ControllerFactory->missingController(Object(Cake\Network\Request))
#1 C:\xampp\htdocs\SarGlass\vendor\cakephp\cakephp\src\Http\ActionDispatcher.php(92): Cake\Http\ControllerFactory->create(Object(Cake\Network\Request), Object(Cake\Network\Response))
#2 C:\xampp\htdocs\SarGlass\vendor\cakephp\cakephp\src\Http\BaseApplication.php(83): Cake\Http\ActionDispatcher->dispatch(Object(Cake\Network\Request), Object(Cake\Network\Response))
#3 C:\xampp\htdocs\SarGlass\vendor\cakephp\cakephp\src\Http\Runner.php(65): Cake\Http\BaseApplication->__invoke(Object(Zend\Diactoros\ServerRequest), Object(Zend\Diactoros\Response), Object(Cake\Http\Runner))
#4 C:\xampp\htdocs\SarGlass\vendor\cakephp\cakephp\src\Routing\Middleware\RoutingMiddleware.php(62): Cake\Http\Runner->__invoke(Object(Zend\Diactoros\ServerRequest), Object(Zend\Diactoros\Response))
#5 C:\xampp\htdocs\SarGlass\vendor\cakephp\cakephp\src\Http\Runner.php(65): Cake\Routing\Middleware\RoutingMiddleware->__invoke(Object(Zend\Diactoros\ServerRequest), Object(Zend\Diactoros\Response), Object(Cake\Http\Runner))
#6 C:\xampp\htdocs\SarGlass\vendor\cakephp\cakephp\src\Routing\Middleware\AssetMiddleware.php(93): Cake\Http\Runner->__invoke(Object(Zend\Diactoros\ServerRequest), Object(Zend\Diactoros\Response))
#7 C:\xampp\htdocs\SarGlass\vendor\cakephp\cakephp\src\Http\Runner.php(65): Cake\Routing\Middleware\AssetMiddleware->__invoke(Object(Zend\Diactoros\ServerRequest), Object(Zend\Diactoros\Response), Object(Cake\Http\Runner))
#8 C:\xampp\htdocs\SarGlass\vendor\cakephp\cakephp\src\Error\Middleware\ErrorHandlerMiddleware.php(81): Cake\Http\Runner->__invoke(Object(Zend\Diactoros\ServerRequest), Object(Zend\Diactoros\Response))
#9 C:\xampp\htdocs\SarGlass\vendor\cakephp\cakephp\src\Http\Runner.php(65): Cake\Error\Middleware\ErrorHandlerMiddleware->__invoke(Object(Zend\Diactoros\ServerRequest), Object(Zend\Diactoros\Response), Object(Cake\Http\Runner))
#10 C:\xampp\htdocs\SarGlass\vendor\cakephp\cakephp\src\Http\Runner.php(51): Cake\Http\Runner->__invoke(Object(Zend\Diactoros\ServerRequest), Object(Zend\Diactoros\Response))
#11 C:\xampp\htdocs\SarGlass\vendor\cakephp\cakephp\src\Http\Server.php(90): Cake\Http\Runner->run(Object(Cake\Http\MiddlewareQueue), Object(Zend\Diactoros\ServerRequest), Object(Zend\Diactoros\Response))
#12 C:\xampp\htdocs\SarGlass\webroot\index.php(37): Cake\Http\Server->run()
#13 {main}


2017-01-18 05:49:40 Error: [Cake\Routing\Exception\MissingControllerException] Controller class Css could not be found.
Exception Attributes: array (
  'class' => 'Css',
  'plugin' => false,
  'prefix' => false,
  '_ext' => false,
)
Request URL: /css/bake.css
Referer URL: http://localhost/SarGlass/colegios
Stack Trace:
#0 C:\xampp\htdocs\SarGlass\vendor\cakephp\cakephp\src\Http\ControllerFactory.php(72): Cake\Http\ControllerFactory->missingController(Object(Cake\Network\Request))
#1 C:\xampp\htdocs\SarGlass\vendor\cakephp\cakephp\src\Http\ActionDispatcher.php(92): Cake\Http\ControllerFactory->create(Object(Cake\Network\Request), Object(Cake\Network\Response))
#2 C:\xampp\htdocs\SarGlass\vendor\cakephp\cakephp\src\Http\BaseApplication.php(83): Cake\Http\ActionDispatcher->dispatch(Object(Cake\Network\Request), Object(Cake\Network\Response))
#3 C:\xampp\htdocs\SarGlass\vendor\cakephp\cakephp\src\Http\Runner.php(65): Cake\Http\BaseApplication->__invoke(Object(Zend\Diactoros\ServerRequest), Object(Zend\Diactoros\Response), Object(Cake\Http\Runner))
#4 C:\xampp\htdocs\SarGlass\vendor\cakephp\cakephp\src\Routing\Middleware\RoutingMiddleware.php(62): Cake\Http\Runner->__invoke(Object(Zend\Diactoros\ServerRequest), Object(Zend\Diactoros\Response))
#5 C:\xampp\htdocs\SarGlass\vendor\cakephp\cakephp\src\Http\Runner.php(65): Cake\Routing\Middleware\RoutingMiddleware->__invoke(Object(Zend\Diactoros\ServerRequest), Object(Zend\Diactoros\Response), Object(Cake\Http\Runner))
#6 C:\xampp\htdocs\SarGlass\vendor\cakephp\cakephp\src\Routing\Middleware\AssetMiddleware.php(93): Cake\Http\Runner->__invoke(Object(Zend\Diactoros\ServerRequest), Object(Zend\Diactoros\Response))
#7 C:\xampp\htdocs\SarGlass\vendor\cakephp\cakephp\src\Http\Runner.php(65): Cake\Routing\Middleware\AssetMiddleware->__invoke(Object(Zend\Diactoros\ServerRequest), Object(Zend\Diactoros\Response), Object(Cake\Http\Runner))
#8 C:\xampp\htdocs\SarGlass\vendor\cakephp\cakephp\src\Error\Middleware\ErrorHandlerMiddleware.php(81): Cake\Http\Runner->__invoke(Object(Zend\Diactoros\ServerRequest), Object(Zend\Diactoros\Response))
#9 C:\xampp\htdocs\SarGlass\vendor\cakephp\cakephp\src\Http\Runner.php(65): Cake\Error\Middleware\ErrorHandlerMiddleware->__invoke(Object(Zend\Diactoros\ServerRequest), Object(Zend\Diactoros\Response), Object(Cake\Http\Runner))
#10 C:\xampp\htdocs\SarGlass\vendor\cakephp\cakephp\src\Http\Runner.php(51): Cake\Http\Runner->__invoke(Object(Zend\Diactoros\ServerRequest), Object(Zend\Diactoros\Response))
#11 C:\xampp\htdocs\SarGlass\vendor\cakephp\cakephp\src\Http\Server.php(90): Cake\Http\Runner->run(Object(Cake\Http\MiddlewareQueue), Object(Zend\Diactoros\ServerRequest), Object(Zend\Diactoros\Response))
#12 C:\xampp\htdocs\SarGlass\webroot\index.php(37): Cake\Http\Server->run()
#13 {main}


2017-01-18 05:58:57 Error: [Cake\Routing\Exception\MissingControllerException] Controller class Css could not be found.
Exception Attributes: array (
  'class' => 'Css',
  'plugin' => false,
  'prefix' => false,
  '_ext' => false,
)
Request URL: /css/bake.css
Referer URL: http://localhost/SarGlass/asistencias
Stack Trace:
#0 C:\xampp\htdocs\SarGlass\vendor\cakephp\cakephp\src\Http\ControllerFactory.php(72): Cake\Http\ControllerFactory->missingController(Object(Cake\Network\Request))
#1 C:\xampp\htdocs\SarGlass\vendor\cakephp\cakephp\src\Http\ActionDispatcher.php(92): Cake\Http\ControllerFactory->create(Object(Cake\Network\Request), Object(Cake\Network\Response))
#2 C:\xampp\htdocs\SarGlass\vendor\cakephp\cakephp\src\Http\BaseApplication.php(83): Cake\Http\ActionDispatcher->dispatch(Object(Cake\Network\Request), Object(Cake\Network\Response))
#3 C:\xampp\htdocs\SarGlass\vendor\cakephp\cakephp\src\Http\Runner.php(65): Cake\Http\BaseApplication->__invoke(Object(Zend\Diactoros\ServerRequest), Object(Zend\Diactoros\Response), Object(Cake\Http\Runner))
#4 C:\xampp\htdocs\SarGlass\vendor\cakephp\cakephp\src\Routing\Middleware\RoutingMiddleware.php(62): Cake\Http\Runner->__invoke(Object(Zend\Diactoros\ServerRequest), Object(Zend\Diactoros\Response))
#5 C:\xampp\htdocs\SarGlass\vendor\cakephp\cakephp\src\Http\Runner.php(65): Cake\Routing\Middleware\RoutingMiddleware->__invoke(Object(Zend\Diactoros\ServerRequest), Object(Zend\Diactoros\Response), Object(Cake\Http\Runner))
#6 C:\xampp\htdocs\SarGlass\vendor\cakephp\cakephp\src\Routing\Middleware\AssetMiddleware.php(93): Cake\Http\Runner->__invoke(Object(Zend\Diactoros\ServerRequest), Object(Zend\Diactoros\Response))
#7 C:\xampp\htdocs\SarGlass\vendor\cakephp\cakephp\src\Http\Runner.php(65): Cake\Routing\Middleware\AssetMiddleware->__invoke(Object(Zend\Diactoros\ServerRequest), Object(Zend\Diactoros\Response), Object(Cake\Http\Runner))
#8 C:\xampp\htdocs\SarGlass\vendor\cakephp\cakephp\src\Error\Middleware\ErrorHandlerMiddleware.php(81): Cake\Http\Runner->__invoke(Object(Zend\Diactoros\ServerRequest), Object(Zend\Diactoros\Response))
#9 C:\xampp\htdocs\SarGlass\vendor\cakephp\cakephp\src\Http\Runner.php(65): Cake\Error\Middleware\ErrorHandlerMiddleware->__invoke(Object(Zend\Diactoros\ServerRequest), Object(Zend\Diactoros\Response), Object(Cake\Http\Runner))
#10 C:\xampp\htdocs\SarGlass\vendor\cakephp\cakephp\src\Http\Runner.php(51): Cake\Http\Runner->__invoke(Object(Zend\Diactoros\ServerRequest), Object(Zend\Diactoros\Response))
#11 C:\xampp\htdocs\SarGlass\vendor\cakephp\cakephp\src\Http\Server.php(90): Cake\Http\Runner->run(Object(Cake\Http\MiddlewareQueue), Object(Zend\Diactoros\ServerRequest), Object(Zend\Diactoros\Response))
#12 C:\xampp\htdocs\SarGlass\webroot\index.php(37): Cake\Http\Server->run()
#13 {main}


2017-01-18 06:02:21 Error: [Cake\Routing\Exception\MissingControllerException] Controller class Css could not be found.
Exception Attributes: array (
  'class' => 'Css',
  'plugin' => false,
  'prefix' => false,
  '_ext' => false,
)
Request URL: /css/bake.css
Referer URL: http://localhost/SarGlass/colegios
Stack Trace:
#0 C:\xampp\htdocs\SarGlass\vendor\cakephp\cakephp\src\Http\ControllerFactory.php(72): Cake\Http\ControllerFactory->missingController(Object(Cake\Network\Request))
#1 C:\xampp\htdocs\SarGlass\vendor\cakephp\cakephp\src\Http\ActionDispatcher.php(92): Cake\Http\ControllerFactory->create(Object(Cake\Network\Request), Object(Cake\Network\Response))
#2 C:\xampp\htdocs\SarGlass\vendor\cakephp\cakephp\src\Http\BaseApplication.php(83): Cake\Http\ActionDispatcher->dispatch(Object(Cake\Network\Request), Object(Cake\Network\Response))
#3 C:\xampp\htdocs\SarGlass\vendor\cakephp\cakephp\src\Http\Runner.php(65): Cake\Http\BaseApplication->__invoke(Object(Zend\Diactoros\ServerRequest), Object(Zend\Diactoros\Response), Object(Cake\Http\Runner))
#4 C:\xampp\htdocs\SarGlass\vendor\cakephp\cakephp\src\Routing\Middleware\RoutingMiddleware.php(62): Cake\Http\Runner->__invoke(Object(Zend\Diactoros\ServerRequest), Object(Zend\Diactoros\Response))
#5 C:\xampp\htdocs\SarGlass\vendor\cakephp\cakephp\src\Http\Runner.php(65): Cake\Routing\Middleware\RoutingMiddleware->__invoke(Object(Zend\Diactoros\ServerRequest), Object(Zend\Diactoros\Response), Object(Cake\Http\Runner))
#6 C:\xampp\htdocs\SarGlass\vendor\cakephp\cakephp\src\Routing\Middleware\AssetMiddleware.php(93): Cake\Http\Runner->__invoke(Object(Zend\Diactoros\ServerRequest), Object(Zend\Diactoros\Response))
#7 C:\xampp\htdocs\SarGlass\vendor\cakephp\cakephp\src\Http\Runner.php(65): Cake\Routing\Middleware\AssetMiddleware->__invoke(Object(Zend\Diactoros\ServerRequest), Object(Zend\Diactoros\Response), Object(Cake\Http\Runner))
#8 C:\xampp\htdocs\SarGlass\vendor\cakephp\cakephp\src\Error\Middleware\ErrorHandlerMiddleware.php(81): Cake\Http\Runner->__invoke(Object(Zend\Diactoros\ServerRequest), Object(Zend\Diactoros\Response))
#9 C:\xampp\htdocs\SarGlass\vendor\cakephp\cakephp\src\Http\Runner.php(65): Cake\Error\Middleware\ErrorHandlerMiddleware->__invoke(Object(Zend\Diactoros\ServerRequest), Object(Zend\Diactoros\Response), Object(Cake\Http\Runner))
#10 C:\xampp\htdocs\SarGlass\vendor\cakephp\cakephp\src\Http\Runner.php(51): Cake\Http\Runner->__invoke(Object(Zend\Diactoros\ServerRequest), Object(Zend\Diactoros\Response))
#11 C:\xampp\htdocs\SarGlass\vendor\cakephp\cakephp\src\Http\Server.php(90): Cake\Http\Runner->run(Object(Cake\Http\MiddlewareQueue), Object(Zend\Diactoros\ServerRequest), Object(Zend\Diactoros\Response))
#12 C:\xampp\htdocs\SarGlass\webroot\index.php(37): Cake\Http\Server->run()
#13 {main}


2017-01-18 06:04:05 Error: [Cake\Routing\Exception\MissingControllerException] Controller class Css could not be found.
Exception Attributes: array (
  'class' => 'Css',
  'plugin' => false,
  'prefix' => false,
  '_ext' => false,
)
Request URL: /css/bake.css
Referer URL: http://localhost/SarGlass/colegios
Stack Trace:
#0 C:\xampp\htdocs\SarGlass\vendor\cakephp\cakephp\src\Http\ControllerFactory.php(72): Cake\Http\ControllerFactory->missingController(Object(Cake\Network\Request))
#1 C:\xampp\htdocs\SarGlass\vendor\cakephp\cakephp\src\Http\ActionDispatcher.php(92): Cake\Http\ControllerFactory->create(Object(Cake\Network\Request), Object(Cake\Network\Response))
#2 C:\xampp\htdocs\SarGlass\vendor\cakephp\cakephp\src\Http\BaseApplication.php(83): Cake\Http\ActionDispatcher->dispatch(Object(Cake\Network\Request), Object(Cake\Network\Response))
#3 C:\xampp\htdocs\SarGlass\vendor\cakephp\cakephp\src\Http\Runner.php(65): Cake\Http\BaseApplication->__invoke(Object(Zend\Diactoros\ServerRequest), Object(Zend\Diactoros\Response), Object(Cake\Http\Runner))
#4 C:\xampp\htdocs\SarGlass\vendor\cakephp\cakephp\src\Routing\Middleware\RoutingMiddleware.php(62): Cake\Http\Runner->__invoke(Object(Zend\Diactoros\ServerRequest), Object(Zend\Diactoros\Response))
#5 C:\xampp\htdocs\SarGlass\vendor\cakephp\cakephp\src\Http\Runner.php(65): Cake\Routing\Middleware\RoutingMiddleware->__invoke(Object(Zend\Diactoros\ServerRequest), Object(Zend\Diactoros\Response), Object(Cake\Http\Runner))
#6 C:\xampp\htdocs\SarGlass\vendor\cakephp\cakephp\src\Routing\Middleware\AssetMiddleware.php(93): Cake\Http\Runner->__invoke(Object(Zend\Diactoros\ServerRequest), Object(Zend\Diactoros\Response))
#7 C:\xampp\htdocs\SarGlass\vendor\cakephp\cakephp\src\Http\Runner.php(65): Cake\Routing\Middleware\AssetMiddleware->__invoke(Object(Zend\Diactoros\ServerRequest), Object(Zend\Diactoros\Response), Object(Cake\Http\Runner))
#8 C:\xampp\htdocs\SarGlass\vendor\cakephp\cakephp\src\Error\Middleware\ErrorHandlerMiddleware.php(81): Cake\Http\Runner->__invoke(Object(Zend\Diactoros\ServerRequest), Object(Zend\Diactoros\Response))
#9 C:\xampp\htdocs\SarGlass\vendor\cakephp\cakephp\src\Http\Runner.php(65): Cake\Error\Middleware\ErrorHandlerMiddleware->__invoke(Object(Zend\Diactoros\ServerRequest), Object(Zend\Diactoros\Response), Object(Cake\Http\Runner))
#10 C:\xampp\htdocs\SarGlass\vendor\cakephp\cakephp\src\Http\Runner.php(51): Cake\Http\Runner->__invoke(Object(Zend\Diactoros\ServerRequest), Object(Zend\Diactoros\Response))
#11 C:\xampp\htdocs\SarGlass\vendor\cakephp\cakephp\src\Http\Server.php(90): Cake\Http\Runner->run(Object(Cake\Http\MiddlewareQueue), Object(Zend\Diactoros\ServerRequest), Object(Zend\Diactoros\Response))
#12 C:\xampp\htdocs\SarGlass\webroot\index.php(37): Cake\Http\Server->run()
#13 {main}


2017-01-18 06:06:46 Error: [Cake\Routing\Exception\MissingControllerException] Controller class Css could not be found.
Exception Attributes: array (
  'class' => 'Css',
  'plugin' => false,
  'prefix' => false,
  '_ext' => false,
)
Request URL: /css/bake.css
Referer URL: http://localhost/SarGlass/colegios
Stack Trace:
#0 C:\xampp\htdocs\SarGlass\vendor\cakephp\cakephp\src\Http\ControllerFactory.php(72): Cake\Http\ControllerFactory->missingController(Object(Cake\Network\Request))
#1 C:\xampp\htdocs\SarGlass\vendor\cakephp\cakephp\src\Http\ActionDispatcher.php(92): Cake\Http\ControllerFactory->create(Object(Cake\Network\Request), Object(Cake\Network\Response))
#2 C:\xampp\htdocs\SarGlass\vendor\cakephp\cakephp\src\Http\BaseApplication.php(83): Cake\Http\ActionDispatcher->dispatch(Object(Cake\Network\Request), Object(Cake\Network\Response))
#3 C:\xampp\htdocs\SarGlass\vendor\cakephp\cakephp\src\Http\Runner.php(65): Cake\Http\BaseApplication->__invoke(Object(Zend\Diactoros\ServerRequest), Object(Zend\Diactoros\Response), Object(Cake\Http\Runner))
#4 C:\xampp\htdocs\SarGlass\vendor\cakephp\cakephp\src\Routing\Middleware\RoutingMiddleware.php(62): Cake\Http\Runner->__invoke(Object(Zend\Diactoros\ServerRequest), Object(Zend\Diactoros\Response))
#5 C:\xampp\htdocs\SarGlass\vendor\cakephp\cakephp\src\Http\Runner.php(65): Cake\Routing\Middleware\RoutingMiddleware->__invoke(Object(Zend\Diactoros\ServerRequest), Object(Zend\Diactoros\Response), Object(Cake\Http\Runner))
#6 C:\xampp\htdocs\SarGlass\vendor\cakephp\cakephp\src\Routing\Middleware\AssetMiddleware.php(93): Cake\Http\Runner->__invoke(Object(Zend\Diactoros\ServerRequest), Object(Zend\Diactoros\Response))
#7 C:\xampp\htdocs\SarGlass\vendor\cakephp\cakephp\src\Http\Runner.php(65): Cake\Routing\Middleware\AssetMiddleware->__invoke(Object(Zend\Diactoros\ServerRequest), Object(Zend\Diactoros\Response), Object(Cake\Http\Runner))
#8 C:\xampp\htdocs\SarGlass\vendor\cakephp\cakephp\src\Error\Middleware\ErrorHandlerMiddleware.php(81): Cake\Http\Runner->__invoke(Object(Zend\Diactoros\ServerRequest), Object(Zend\Diactoros\Response))
#9 C:\xampp\htdocs\SarGlass\vendor\cakephp\cakephp\src\Http\Runner.php(65): Cake\Error\Middleware\ErrorHandlerMiddleware->__invoke(Object(Zend\Diactoros\ServerRequest), Object(Zend\Diactoros\Response), Object(Cake\Http\Runner))
#10 C:\xampp\htdocs\SarGlass\vendor\cakephp\cakephp\src\Http\Runner.php(51): Cake\Http\Runner->__invoke(Object(Zend\Diactoros\ServerRequest), Object(Zend\Diactoros\Response))
#11 C:\xampp\htdocs\SarGlass\vendor\cakephp\cakephp\src\Http\Server.php(90): Cake\Http\Runner->run(Object(Cake\Http\MiddlewareQueue), Object(Zend\Diactoros\ServerRequest), Object(Zend\Diactoros\Response))
#12 C:\xampp\htdocs\SarGlass\webroot\index.php(37): Cake\Http\Server->run()
#13 {main}


2017-01-18 06:09:28 Error: [Cake\Routing\Exception\MissingControllerException] Controller class Css could not be found.
Exception Attributes: array (
  'class' => 'Css',
  'plugin' => false,
  'prefix' => false,
  '_ext' => false,
)
Request URL: /css/bake.css
Referer URL: http://localhost/SarGlass/colegios
Stack Trace:
#0 C:\xampp\htdocs\SarGlass\vendor\cakephp\cakephp\src\Http\ControllerFactory.php(72): Cake\Http\ControllerFactory->missingController(Object(Cake\Network\Request))
#1 C:\xampp\htdocs\SarGlass\vendor\cakephp\cakephp\src\Http\ActionDispatcher.php(92): Cake\Http\ControllerFactory->create(Object(Cake\Network\Request), Object(Cake\Network\Response))
#2 C:\xampp\htdocs\SarGlass\vendor\cakephp\cakephp\src\Http\BaseApplication.php(83): Cake\Http\ActionDispatcher->dispatch(Object(Cake\Network\Request), Object(Cake\Network\Response))
#3 C:\xampp\htdocs\SarGlass\vendor\cakephp\cakephp\src\Http\Runner.php(65): Cake\Http\BaseApplication->__invoke(Object(Zend\Diactoros\ServerRequest), Object(Zend\Diactoros\Response), Object(Cake\Http\Runner))
#4 C:\xampp\htdocs\SarGlass\vendor\cakephp\cakephp\src\Routing\Middleware\RoutingMiddleware.php(62): Cake\Http\Runner->__invoke(Object(Zend\Diactoros\ServerRequest), Object(Zend\Diactoros\Response))
#5 C:\xampp\htdocs\SarGlass\vendor\cakephp\cakephp\src\Http\Runner.php(65): Cake\Routing\Middleware\RoutingMiddleware->__invoke(Object(Zend\Diactoros\ServerRequest), Object(Zend\Diactoros\Response), Object(Cake\Http\Runner))
#6 C:\xampp\htdocs\SarGlass\vendor\cakephp\cakephp\src\Routing\Middleware\AssetMiddleware.php(93): Cake\Http\Runner->__invoke(Object(Zend\Diactoros\ServerRequest), Object(Zend\Diactoros\Response))
#7 C:\xampp\htdocs\SarGlass\vendor\cakephp\cakephp\src\Http\Runner.php(65): Cake\Routing\Middleware\AssetMiddleware->__invoke(Object(Zend\Diactoros\ServerRequest), Object(Zend\Diactoros\Response), Object(Cake\Http\Runner))
#8 C:\xampp\htdocs\SarGlass\vendor\cakephp\cakephp\src\Error\Middleware\ErrorHandlerMiddleware.php(81): Cake\Http\Runner->__invoke(Object(Zend\Diactoros\ServerRequest), Object(Zend\Diactoros\Response))
#9 C:\xampp\htdocs\SarGlass\vendor\cakephp\cakephp\src\Http\Runner.php(65): Cake\Error\Middleware\ErrorHandlerMiddleware->__invoke(Object(Zend\Diactoros\ServerRequest), Object(Zend\Diactoros\Response), Object(Cake\Http\Runner))
#10 C:\xampp\htdocs\SarGlass\vendor\cakephp\cakephp\src\Http\Runner.php(51): Cake\Http\Runner->__invoke(Object(Zend\Diactoros\ServerRequest), Object(Zend\Diactoros\Response))
#11 C:\xampp\htdocs\SarGlass\vendor\cakephp\cakephp\src\Http\Server.php(90): Cake\Http\Runner->run(Object(Cake\Http\MiddlewareQueue), Object(Zend\Diactoros\ServerRequest), Object(Zend\Diactoros\Response))
#12 C:\xampp\htdocs\SarGlass\webroot\index.php(37): Cake\Http\Server->run()
#13 {main}


2017-01-18 06:09:38 Error: [Cake\Routing\Exception\MissingControllerException] Controller class Css could not be found.
Exception Attributes: array (
  'class' => 'Css',
  'plugin' => false,
  'prefix' => false,
  '_ext' => false,
)
Request URL: /css/bake.css
Referer URL: http://localhost/SarGlass/cargos
Stack Trace:
#0 C:\xampp\htdocs\SarGlass\vendor\cakephp\cakephp\src\Http\ControllerFactory.php(72): Cake\Http\ControllerFactory->missingController(Object(Cake\Network\Request))
#1 C:\xampp\htdocs\SarGlass\vendor\cakephp\cakephp\src\Http\ActionDispatcher.php(92): Cake\Http\ControllerFactory->create(Object(Cake\Network\Request), Object(Cake\Network\Response))
#2 C:\xampp\htdocs\SarGlass\vendor\cakephp\cakephp\src\Http\BaseApplication.php(83): Cake\Http\ActionDispatcher->dispatch(Object(Cake\Network\Request), Object(Cake\Network\Response))
#3 C:\xampp\htdocs\SarGlass\vendor\cakephp\cakephp\src\Http\Runner.php(65): Cake\Http\BaseApplication->__invoke(Object(Zend\Diactoros\ServerRequest), Object(Zend\Diactoros\Response), Object(Cake\Http\Runner))
#4 C:\xampp\htdocs\SarGlass\vendor\cakephp\cakephp\src\Routing\Middleware\RoutingMiddleware.php(62): Cake\Http\Runner->__invoke(Object(Zend\Diactoros\ServerRequest), Object(Zend\Diactoros\Response))
#5 C:\xampp\htdocs\SarGlass\vendor\cakephp\cakephp\src\Http\Runner.php(65): Cake\Routing\Middleware\RoutingMiddleware->__invoke(Object(Zend\Diactoros\ServerRequest), Object(Zend\Diactoros\Response), Object(Cake\Http\Runner))
#6 C:\xampp\htdocs\SarGlass\vendor\cakephp\cakephp\src\Routing\Middleware\AssetMiddleware.php(93): Cake\Http\Runner->__invoke(Object(Zend\Diactoros\ServerRequest), Object(Zend\Diactoros\Response))
#7 C:\xampp\htdocs\SarGlass\vendor\cakephp\cakephp\src\Http\Runner.php(65): Cake\Routing\Middleware\AssetMiddleware->__invoke(Object(Zend\Diactoros\ServerRequest), Object(Zend\Diactoros\Response), Object(Cake\Http\Runner))
#8 C:\xampp\htdocs\SarGlass\vendor\cakephp\cakephp\src\Error\Middleware\ErrorHandlerMiddleware.php(81): Cake\Http\Runner->__invoke(Object(Zend\Diactoros\ServerRequest), Object(Zend\Diactoros\Response))
#9 C:\xampp\htdocs\SarGlass\vendor\cakephp\cakephp\src\Http\Runner.php(65): Cake\Error\Middleware\ErrorHandlerMiddleware->__invoke(Object(Zend\Diactoros\ServerRequest), Object(Zend\Diactoros\Response), Object(Cake\Http\Runner))
#10 C:\xampp\htdocs\SarGlass\vendor\cakephp\cakephp\src\Http\Runner.php(51): Cake\Http\Runner->__invoke(Object(Zend\Diactoros\ServerRequest), Object(Zend\Diactoros\Response))
#11 C:\xampp\htdocs\SarGlass\vendor\cakephp\cakephp\src\Http\Server.php(90): Cake\Http\Runner->run(Object(Cake\Http\MiddlewareQueue), Object(Zend\Diactoros\ServerRequest), Object(Zend\Diactoros\Response))
#12 C:\xampp\htdocs\SarGlass\webroot\index.php(37): Cake\Http\Server->run()
#13 {main}


2017-01-18 06:11:00 Error: [Cake\Routing\Exception\MissingControllerException] Controller class Css could not be found.
Exception Attributes: array (
  'class' => 'Css',
  'plugin' => false,
  'prefix' => false,
  '_ext' => false,
)
Request URL: /css/bake.css
Referer URL: http://localhost/SarGlass/cargos/add
Stack Trace:
#0 C:\xampp\htdocs\SarGlass\vendor\cakephp\cakephp\src\Http\ControllerFactory.php(72): Cake\Http\ControllerFactory->missingController(Object(Cake\Network\Request))
#1 C:\xampp\htdocs\SarGlass\vendor\cakephp\cakephp\src\Http\ActionDispatcher.php(92): Cake\Http\ControllerFactory->create(Object(Cake\Network\Request), Object(Cake\Network\Response))
#2 C:\xampp\htdocs\SarGlass\vendor\cakephp\cakephp\src\Http\BaseApplication.php(83): Cake\Http\ActionDispatcher->dispatch(Object(Cake\Network\Request), Object(Cake\Network\Response))
#3 C:\xampp\htdocs\SarGlass\vendor\cakephp\cakephp\src\Http\Runner.php(65): Cake\Http\BaseApplication->__invoke(Object(Zend\Diactoros\ServerRequest), Object(Zend\Diactoros\Response), Object(Cake\Http\Runner))
#4 C:\xampp\htdocs\SarGlass\vendor\cakephp\cakephp\src\Routing\Middleware\RoutingMiddleware.php(62): Cake\Http\Runner->__invoke(Object(Zend\Diactoros\ServerRequest), Object(Zend\Diactoros\Response))
#5 C:\xampp\htdocs\SarGlass\vendor\cakephp\cakephp\src\Http\Runner.php(65): Cake\Routing\Middleware\RoutingMiddleware->__invoke(Object(Zend\Diactoros\ServerRequest), Object(Zend\Diactoros\Response), Object(Cake\Http\Runner))
#6 C:\xampp\htdocs\SarGlass\vendor\cakephp\cakephp\src\Routing\Middleware\AssetMiddleware.php(93): Cake\Http\Runner->__invoke(Object(Zend\Diactoros\ServerRequest), Object(Zend\Diactoros\Response))
#7 C:\xampp\htdocs\SarGlass\vendor\cakephp\cakephp\src\Http\Runner.php(65): Cake\Routing\Middleware\AssetMiddleware->__invoke(Object(Zend\Diactoros\ServerRequest), Object(Zend\Diactoros\Response), Object(Cake\Http\Runner))
#8 C:\xampp\htdocs\SarGlass\vendor\cakephp\cakephp\src\Error\Middleware\ErrorHandlerMiddleware.php(81): Cake\Http\Runner->__invoke(Object(Zend\Diactoros\ServerRequest), Object(Zend\Diactoros\Response))
#9 C:\xampp\htdocs\SarGlass\vendor\cakephp\cakephp\src\Http\Runner.php(65): Cake\Error\Middleware\ErrorHandlerMiddleware->__invoke(Object(Zend\Diactoros\ServerRequest), Object(Zend\Diactoros\Response), Object(Cake\Http\Runner))
#10 C:\xampp\htdocs\SarGlass\vendor\cakephp\cakephp\src\Http\Runner.php(51): Cake\Http\Runner->__invoke(Object(Zend\Diactoros\ServerRequest), Object(Zend\Diactoros\Response))
#11 C:\xampp\htdocs\SarGlass\vendor\cakephp\cakephp\src\Http\Server.php(90): Cake\Http\Runner->run(Object(Cake\Http\MiddlewareQueue), Object(Zend\Diactoros\ServerRequest), Object(Zend\Diactoros\Response))
#12 C:\xampp\htdocs\SarGlass\webroot\index.php(37): Cake\Http\Server->run()
#13 {main}


2017-01-18 06:14:33 Error: [Cake\Controller\Exception\MissingActionException] Action CargosController::clubsvoluntarios() could not be found, or is not accessible.
Exception Attributes: array (
  'controller' => 'CargosController',
  'action' => 'clubsvoluntarios',
  'prefix' => '',
  'plugin' => NULL,
)
Request URL: /cargos/Clubsvoluntarios
Stack Trace:
#0 C:\xampp\htdocs\SarGlass\vendor\cakephp\cakephp\src\Http\ActionDispatcher.php(121): Cake\Controller\Controller->invokeAction()
#1 C:\xampp\htdocs\SarGlass\vendor\cakephp\cakephp\src\Http\ActionDispatcher.php(95): Cake\Http\ActionDispatcher->_invoke(Object(App\Controller\CargosController))
#2 C:\xampp\htdocs\SarGlass\vendor\cakephp\cakephp\src\Http\BaseApplication.php(83): Cake\Http\ActionDispatcher->dispatch(Object(Cake\Network\Request), Object(Cake\Network\Response))
#3 C:\xampp\htdocs\SarGlass\vendor\cakephp\cakephp\src\Http\Runner.php(65): Cake\Http\BaseApplication->__invoke(Object(Zend\Diactoros\ServerRequest), Object(Zend\Diactoros\Response), Object(Cake\Http\Runner))
#4 C:\xampp\htdocs\SarGlass\vendor\cakephp\cakephp\src\Routing\Middleware\RoutingMiddleware.php(62): Cake\Http\Runner->__invoke(Object(Zend\Diactoros\ServerRequest), Object(Zend\Diactoros\Response))
#5 C:\xampp\htdocs\SarGlass\vendor\cakephp\cakephp\src\Http\Runner.php(65): Cake\Routing\Middleware\RoutingMiddleware->__invoke(Object(Zend\Diactoros\ServerRequest), Object(Zend\Diactoros\Response), Object(Cake\Http\Runner))
#6 C:\xampp\htdocs\SarGlass\vendor\cakephp\cakephp\src\Routing\Middleware\AssetMiddleware.php(88): Cake\Http\Runner->__invoke(Object(Zend\Diactoros\ServerRequest), Object(Zend\Diactoros\Response))
#7 C:\xampp\htdocs\SarGlass\vendor\cakephp\cakephp\src\Http\Runner.php(65): Cake\Routing\Middleware\AssetMiddleware->__invoke(Object(Zend\Diactoros\ServerRequest), Object(Zend\Diactoros\Response), Object(Cake\Http\Runner))
#8 C:\xampp\htdocs\SarGlass\vendor\cakephp\cakephp\src\Error\Middleware\ErrorHandlerMiddleware.php(81): Cake\Http\Runner->__invoke(Object(Zend\Diactoros\ServerRequest), Object(Zend\Diactoros\Response))
#9 C:\xampp\htdocs\SarGlass\vendor\cakephp\cakephp\src\Http\Runner.php(65): Cake\Error\Middleware\ErrorHandlerMiddleware->__invoke(Object(Zend\Diactoros\ServerRequest), Object(Zend\Diactoros\Response), Object(Cake\Http\Runner))
#10 C:\xampp\htdocs\SarGlass\vendor\cakephp\cakephp\src\Http\Runner.php(51): Cake\Http\Runner->__invoke(Object(Zend\Diactoros\ServerRequest), Object(Zend\Diactoros\Response))
#11 C:\xampp\htdocs\SarGlass\vendor\cakephp\cakephp\src\Http\Server.php(90): Cake\Http\Runner->run(Object(Cake\Http\MiddlewareQueue), Object(Zend\Diactoros\ServerRequest), Object(Zend\Diactoros\Response))
#12 C:\xampp\htdocs\SarGlass\webroot\index.php(37): Cake\Http\Server->run()
#13 {main}


2017-01-18 06:14:47 Error: [Cake\Routing\Exception\MissingControllerException] Controller class Css could not be found.
Exception Attributes: array (
  'class' => 'Css',
  'plugin' => false,
  'prefix' => false,
  '_ext' => false,
)
Request URL: /css/bake.css
Referer URL: http://localhost/SarGlass/Clubsvoluntarios
Stack Trace:
#0 C:\xampp\htdocs\SarGlass\vendor\cakephp\cakephp\src\Http\ControllerFactory.php(72): Cake\Http\ControllerFactory->missingController(Object(Cake\Network\Request))
#1 C:\xampp\htdocs\SarGlass\vendor\cakephp\cakephp\src\Http\ActionDispatcher.php(92): Cake\Http\ControllerFactory->create(Object(Cake\Network\Request), Object(Cake\Network\Response))
#2 C:\xampp\htdocs\SarGlass\vendor\cakephp\cakephp\src\Http\BaseApplication.php(83): Cake\Http\ActionDispatcher->dispatch(Object(Cake\Network\Request), Object(Cake\Network\Response))
#3 C:\xampp\htdocs\SarGlass\vendor\cakephp\cakephp\src\Http\Runner.php(65): Cake\Http\BaseApplication->__invoke(Object(Zend\Diactoros\ServerRequest), Object(Zend\Diactoros\Response), Object(Cake\Http\Runner))
#4 C:\xampp\htdocs\SarGlass\vendor\cakephp\cakephp\src\Routing\Middleware\RoutingMiddleware.php(62): Cake\Http\Runner->__invoke(Object(Zend\Diactoros\ServerRequest), Object(Zend\Diactoros\Response))
#5 C:\xampp\htdocs\SarGlass\vendor\cakephp\cakephp\src\Http\Runner.php(65): Cake\Routing\Middleware\RoutingMiddleware->__invoke(Object(Zend\Diactoros\ServerRequest), Object(Zend\Diactoros\Response), Object(Cake\Http\Runner))
#6 C:\xampp\htdocs\SarGlass\vendor\cakephp\cakephp\src\Routing\Middleware\AssetMiddleware.php(93): Cake\Http\Runner->__invoke(Object(Zend\Diactoros\ServerRequest), Object(Zend\Diactoros\Response))
#7 C:\xampp\htdocs\SarGlass\vendor\cakephp\cakephp\src\Http\Runner.php(65): Cake\Routing\Middleware\AssetMiddleware->__invoke(Object(Zend\Diactoros\ServerRequest), Object(Zend\Diactoros\Response), Object(Cake\Http\Runner))
#8 C:\xampp\htdocs\SarGlass\vendor\cakephp\cakephp\src\Error\Middleware\ErrorHandlerMiddleware.php(81): Cake\Http\Runner->__invoke(Object(Zend\Diactoros\ServerRequest), Object(Zend\Diactoros\Response))
#9 C:\xampp\htdocs\SarGlass\vendor\cakephp\cakephp\src\Http\Runner.php(65): Cake\Error\Middleware\ErrorHandlerMiddleware->__invoke(Object(Zend\Diactoros\ServerRequest), Object(Zend\Diactoros\Response), Object(Cake\Http\Runner))
#10 C:\xampp\htdocs\SarGlass\vendor\cakephp\cakephp\src\Http\Runner.php(51): Cake\Http\Runner->__invoke(Object(Zend\Diactoros\ServerRequest), Object(Zend\Diactoros\Response))
#11 C:\xampp\htdocs\SarGlass\vendor\cakephp\cakephp\src\Http\Server.php(90): Cake\Http\Runner->run(Object(Cake\Http\MiddlewareQueue), Object(Zend\Diactoros\ServerRequest), Object(Zend\Diactoros\Response))
#12 C:\xampp\htdocs\SarGlass\webroot\index.php(37): Cake\Http\Server->run()
#13 {main}


2017-01-18 06:15:21 Error: [Cake\Routing\Exception\MissingControllerException] Controller class Css could not be found.
Exception Attributes: array (
  'class' => 'Css',
  'plugin' => false,
  'prefix' => false,
  '_ext' => false,
)
Request URL: /css/bake.css
Referer URL: http://localhost/SarGlass/Clubsvoluntarios
Stack Trace:
#0 C:\xampp\htdocs\SarGlass\vendor\cakephp\cakephp\src\Http\ControllerFactory.php(72): Cake\Http\ControllerFactory->missingController(Object(Cake\Network\Request))
#1 C:\xampp\htdocs\SarGlass\vendor\cakephp\cakephp\src\Http\ActionDispatcher.php(92): Cake\Http\ControllerFactory->create(Object(Cake\Network\Request), Object(Cake\Network\Response))
#2 C:\xampp\htdocs\SarGlass\vendor\cakephp\cakephp\src\Http\BaseApplication.php(83): Cake\Http\ActionDispatcher->dispatch(Object(Cake\Network\Request), Object(Cake\Network\Response))
#3 C:\xampp\htdocs\SarGlass\vendor\cakephp\cakephp\src\Http\Runner.php(65): Cake\Http\BaseApplication->__invoke(Object(Zend\Diactoros\ServerRequest), Object(Zend\Diactoros\Response), Object(Cake\Http\Runner))
#4 C:\xampp\htdocs\SarGlass\vendor\cakephp\cakephp\src\Routing\Middleware\RoutingMiddleware.php(62): Cake\Http\Runner->__invoke(Object(Zend\Diactoros\ServerRequest), Object(Zend\Diactoros\Response))
#5 C:\xampp\htdocs\SarGlass\vendor\cakephp\cakephp\src\Http\Runner.php(65): Cake\Routing\Middleware\RoutingMiddleware->__invoke(Object(Zend\Diactoros\ServerRequest), Object(Zend\Diactoros\Response), Object(Cake\Http\Runner))
#6 C:\xampp\htdocs\SarGlass\vendor\cakephp\cakephp\src\Routing\Middleware\AssetMiddleware.php(93): Cake\Http\Runner->__invoke(Object(Zend\Diactoros\ServerRequest), Object(Zend\Diactoros\Response))
#7 C:\xampp\htdocs\SarGlass\vendor\cakephp\cakephp\src\Http\Runner.php(65): Cake\Routing\Middleware\AssetMiddleware->__invoke(Object(Zend\Diactoros\ServerRequest), Object(Zend\Diactoros\Response), Object(Cake\Http\Runner))
#8 C:\xampp\htdocs\SarGlass\vendor\cakephp\cakephp\src\Error\Middleware\ErrorHandlerMiddleware.php(81): Cake\Http\Runner->__invoke(Object(Zend\Diactoros\ServerRequest), Object(Zend\Diactoros\Response))
#9 C:\xampp\htdocs\SarGlass\vendor\cakephp\cakephp\src\Http\Runner.php(65): Cake\Error\Middleware\ErrorHandlerMiddleware->__invoke(Object(Zend\Diactoros\ServerRequest), Object(Zend\Diactoros\Response), Object(Cake\Http\Runner))
#10 C:\xampp\htdocs\SarGlass\vendor\cakephp\cakephp\src\Http\Runner.php(51): Cake\Http\Runner->__invoke(Object(Zend\Diactoros\ServerRequest), Object(Zend\Diactoros\Response))
#11 C:\xampp\htdocs\SarGlass\vendor\cakephp\cakephp\src\Http\Server.php(90): Cake\Http\Runner->run(Object(Cake\Http\MiddlewareQueue), Object(Zend\Diactoros\ServerRequest), Object(Zend\Diactoros\Response))
#12 C:\xampp\htdocs\SarGlass\webroot\index.php(37): Cake\Http\Server->run()
#13 {main}


2017-01-18 06:15:29 Error: [Cake\Routing\Exception\MissingControllerException] Controller class Css could not be found.
Exception Attributes: array (
  'class' => 'Css',
  'plugin' => false,
  'prefix' => false,
  '_ext' => false,
)
Request URL: /css/bake.css
Referer URL: http://localhost/SarGlass/Clubsvoluntarios
Stack Trace:
#0 C:\xampp\htdocs\SarGlass\vendor\cakephp\cakephp\src\Http\ControllerFactory.php(72): Cake\Http\ControllerFactory->missingController(Object(Cake\Network\Request))
#1 C:\xampp\htdocs\SarGlass\vendor\cakephp\cakephp\src\Http\ActionDispatcher.php(92): Cake\Http\ControllerFactory->create(Object(Cake\Network\Request), Object(Cake\Network\Response))
#2 C:\xampp\htdocs\SarGlass\vendor\cakephp\cakephp\src\Http\BaseApplication.php(83): Cake\Http\ActionDispatcher->dispatch(Object(Cake\Network\Request), Object(Cake\Network\Response))
#3 C:\xampp\htdocs\SarGlass\vendor\cakephp\cakephp\src\Http\Runner.php(65): Cake\Http\BaseApplication->__invoke(Object(Zend\Diactoros\ServerRequest), Object(Zend\Diactoros\Response), Object(Cake\Http\Runner))
#4 C:\xampp\htdocs\SarGlass\vendor\cakephp\cakephp\src\Routing\Middleware\RoutingMiddleware.php(62): Cake\Http\Runner->__invoke(Object(Zend\Diactoros\ServerRequest), Object(Zend\Diactoros\Response))
#5 C:\xampp\htdocs\SarGlass\vendor\cakephp\cakephp\src\Http\Runner.php(65): Cake\Routing\Middleware\RoutingMiddleware->__invoke(Object(Zend\Diactoros\ServerRequest), Object(Zend\Diactoros\Response), Object(Cake\Http\Runner))
#6 C:\xampp\htdocs\SarGlass\vendor\cakephp\cakephp\src\Routing\Middleware\AssetMiddleware.php(93): Cake\Http\Runner->__invoke(Object(Zend\Diactoros\ServerRequest), Object(Zend\Diactoros\Response))
#7 C:\xampp\htdocs\SarGlass\vendor\cakephp\cakephp\src\Http\Runner.php(65): Cake\Routing\Middleware\AssetMiddleware->__invoke(Object(Zend\Diactoros\ServerRequest), Object(Zend\Diactoros\Response), Object(Cake\Http\Runner))
#8 C:\xampp\htdocs\SarGlass\vendor\cakephp\cakephp\src\Error\Middleware\ErrorHandlerMiddleware.php(81): Cake\Http\Runner->__invoke(Object(Zend\Diactoros\ServerRequest), Object(Zend\Diactoros\Response))
#9 C:\xampp\htdocs\SarGlass\vendor\cakephp\cakephp\src\Http\Runner.php(65): Cake\Error\Middleware\ErrorHandlerMiddleware->__invoke(Object(Zend\Diactoros\ServerRequest), Object(Zend\Diactoros\Response), Object(Cake\Http\Runner))
#10 C:\xampp\htdocs\SarGlass\vendor\cakephp\cakephp\src\Http\Runner.php(51): Cake\Http\Runner->__invoke(Object(Zend\Diactoros\ServerRequest), Object(Zend\Diactoros\Response))
#11 C:\xampp\htdocs\SarGlass\vendor\cakephp\cakephp\src\Http\Server.php(90): Cake\Http\Runner->run(Object(Cake\Http\MiddlewareQueue), Object(Zend\Diactoros\ServerRequest), Object(Zend\Diactoros\Response))
#12 C:\xampp\htdocs\SarGlass\webroot\index.php(37): Cake\Http\Server->run()
#13 {main}


2017-01-18 07:44:37 Error: [Cake\Routing\Exception\MissingControllerException] Controller class Css could not be found.
Exception Attributes: array (
  'class' => 'Css',
  'plugin' => false,
  'prefix' => false,
  '_ext' => false,
)
Request URL: /css/stylecss.css
Referer URL: http://localhost/SarGlass/empresas
Stack Trace:
#0 C:\xampp\htdocs\SarGlass\vendor\cakephp\cakephp\src\Http\ControllerFactory.php(72): Cake\Http\ControllerFactory->missingController(Object(Cake\Network\Request))
#1 C:\xampp\htdocs\SarGlass\vendor\cakephp\cakephp\src\Http\ActionDispatcher.php(92): Cake\Http\ControllerFactory->create(Object(Cake\Network\Request), Object(Cake\Network\Response))
#2 C:\xampp\htdocs\SarGlass\vendor\cakephp\cakephp\src\Http\BaseApplication.php(83): Cake\Http\ActionDispatcher->dispatch(Object(Cake\Network\Request), Object(Cake\Network\Response))
#3 C:\xampp\htdocs\SarGlass\vendor\cakephp\cakephp\src\Http\Runner.php(65): Cake\Http\BaseApplication->__invoke(Object(Zend\Diactoros\ServerRequest), Object(Zend\Diactoros\Response), Object(Cake\Http\Runner))
#4 C:\xampp\htdocs\SarGlass\vendor\cakephp\cakephp\src\Routing\Middleware\RoutingMiddleware.php(62): Cake\Http\Runner->__invoke(Object(Zend\Diactoros\ServerRequest), Object(Zend\Diactoros\Response))
#5 C:\xampp\htdocs\SarGlass\vendor\cakephp\cakephp\src\Http\Runner.php(65): Cake\Routing\Middleware\RoutingMiddleware->__invoke(Object(Zend\Diactoros\ServerRequest), Object(Zend\Diactoros\Response), Object(Cake\Http\Runner))
#6 C:\xampp\htdocs\SarGlass\vendor\cakephp\cakephp\src\Routing\Middleware\AssetMiddleware.php(93): Cake\Http\Runner->__invoke(Object(Zend\Diactoros\ServerRequest), Object(Zend\Diactoros\Response))
#7 C:\xampp\htdocs\SarGlass\vendor\cakephp\cakephp\src\Http\Runner.php(65): Cake\Routing\Middleware\AssetMiddleware->__invoke(Object(Zend\Diactoros\ServerRequest), Object(Zend\Diactoros\Response), Object(Cake\Http\Runner))
#8 C:\xampp\htdocs\SarGlass\vendor\cakephp\cakephp\src\Error\Middleware\ErrorHandlerMiddleware.php(81): Cake\Http\Runner->__invoke(Object(Zend\Diactoros\ServerRequest), Object(Zend\Diactoros\Response))
#9 C:\xampp\htdocs\SarGlass\vendor\cakephp\cakephp\src\Http\Runner.php(65): Cake\Error\Middleware\ErrorHandlerMiddleware->__invoke(Object(Zend\Diactoros\ServerRequest), Object(Zend\Diactoros\Response), Object(Cake\Http\Runner))
#10 C:\xampp\htdocs\SarGlass\vendor\cakephp\cakephp\src\Http\Runner.php(51): Cake\Http\Runner->__invoke(Object(Zend\Diactoros\ServerRequest), Object(Zend\Diactoros\Response))
#11 C:\xampp\htdocs\SarGlass\vendor\cakephp\cakephp\src\Http\Server.php(90): Cake\Http\Runner->run(Object(Cake\Http\MiddlewareQueue), Object(Zend\Diactoros\ServerRequest), Object(Zend\Diactoros\Response))
#12 C:\xampp\htdocs\SarGlass\webroot\index.php(37): Cake\Http\Server->run()
#13 {main}


